{"/home/travis/build/npmtest/node-npmtest-webpack-dev-server/test.js":{"path":"/home/travis/build/npmtest/node-npmtest-webpack-dev-server/test.js","s":{"1":2,"2":2,"3":2,"4":2,"5":2,"6":2,"7":2,"8":1,"9":2,"10":2,"11":1,"12":1,"13":1,"14":1,"15":2,"16":2,"17":2,"18":2,"19":1,"20":1,"21":2,"22":2,"23":2,"24":1,"25":1,"26":1,"27":1,"28":1,"29":1,"30":1,"31":1,"32":1,"33":1,"34":1,"35":1,"36":2,"37":2,"38":1,"39":2,"40":2,"41":1,"42":2,"43":2,"44":1,"45":1,"46":1,"47":1,"48":1},"b":{"1":[2,1,1,1],"2":[1,1,1,1],"3":[1,1],"4":[1,1],"5":[1,1],"6":[1,1],"7":[1,1],"8":[1,1],"9":[1,1,1],"10":[1,1],"11":[1,1],"12":[1,1],"13":[1,1],"14":[1,1],"15":[1,1]},"f":{"1":2,"2":2,"3":2,"4":2,"5":2,"6":1,"7":1,"8":2,"9":2,"10":2,"11":1},"fnMap":{"1":{"name":"(anonymous_1)","line":12,"loc":{"start":{"line":12,"column":1},"end":{"line":12,"column":13}}},"2":{"name":"(anonymous_2)","line":19,"loc":{"start":{"line":19,"column":5},"end":{"line":19,"column":17}}},"3":{"name":"(anonymous_3)","line":23,"loc":{"start":{"line":23,"column":24},"end":{"line":23,"column":36}}},"4":{"name":"(anonymous_4)","line":61,"loc":{"start":{"line":61,"column":5},"end":{"line":61,"column":17}}},"5":{"name":"(anonymous_5)","line":82,"loc":{"start":{"line":82,"column":5},"end":{"line":82,"column":17}}},"6":{"name":"(anonymous_6)","line":102,"loc":{"start":{"line":102,"column":83},"end":{"line":105,"column":10}},"skip":true},"7":{"name":"(anonymous_7)","line":113,"loc":{"start":{"line":113,"column":77},"end":{"line":116,"column":10}},"skip":true},"8":{"name":"(anonymous_8)","line":127,"loc":{"start":{"line":127,"column":77},"end":{"line":130,"column":10}},"skip":true},"9":{"name":"(anonymous_9)","line":138,"loc":{"start":{"line":138,"column":83},"end":{"line":141,"column":10}},"skip":true},"10":{"name":"(anonymous_10)","line":149,"loc":{"start":{"line":149,"column":79},"end":{"line":152,"column":10}},"skip":true},"11":{"name":"(anonymous_11)","line":160,"loc":{"start":{"line":160,"column":75},"end":{"line":163,"column":10}},"skip":true}},"statementMap":{"1":{"start":{"line":12,"column":0},"end":{"line":175,"column":5}},"2":{"start":{"line":14,"column":4},"end":{"line":14,"column":14}},"3":{"start":{"line":19,"column":4},"end":{"line":56,"column":9}},"4":{"start":{"line":21,"column":8},"end":{"line":21,"column":19}},"5":{"start":{"line":23,"column":8},"end":{"line":35,"column":13}},"6":{"start":{"line":24,"column":12},"end":{"line":34,"column":13}},"7":{"start":{"line":25,"column":16},"end":{"line":28,"column":30}},"8":{"start":{"line":30,"column":16},"end":{"line":33,"column":27}},"9":{"start":{"line":37,"column":8},"end":{"line":39,"column":21}},"10":{"start":{"line":40,"column":8},"end":{"line":53,"column":9}},"11":{"start":{"line":43,"column":12},"end":{"line":46,"column":14}},"12":{"start":{"line":47,"column":12},"end":{"line":47,"column":18}},"13":{"start":{"line":50,"column":12},"end":{"line":51,"column":46}},"14":{"start":{"line":52,"column":12},"end":{"line":52,"column":18}},"15":{"start":{"line":55,"column":8},"end":{"line":55,"column":35}},"16":{"start":{"line":61,"column":4},"end":{"line":63,"column":9}},"17":{"start":{"line":62,"column":8},"end":{"line":62,"column":15}},"18":{"start":{"line":64,"column":4},"end":{"line":77,"column":5}},"19":{"start":{"line":70,"column":8},"end":{"line":70,"column":14}},"20":{"start":{"line":76,"column":8},"end":{"line":76,"column":14}},"21":{"start":{"line":82,"column":4},"end":{"line":84,"column":9}},"22":{"start":{"line":83,"column":8},"end":{"line":83,"column":15}},"23":{"start":{"line":85,"column":4},"end":{"line":174,"column":5}},"24":{"start":{"line":92,"column":8},"end":{"line":94,"column":63}},"25":{"start":{"line":95,"column":8},"end":{"line":95,"column":14}},"26":{"start":{"line":102,"column":8},"end":{"line":111,"column":10},"skip":true},"27":{"start":{"line":109,"column":12},"end":{"line":109,"column":55},"skip":true},"28":{"start":{"line":110,"column":12},"end":{"line":110,"column":48},"skip":true},"29":{"start":{"line":113,"column":8},"end":{"line":125,"column":10},"skip":true},"30":{"start":{"line":120,"column":12},"end":{"line":120,"column":76},"skip":true},"31":{"start":{"line":121,"column":12},"end":{"line":121,"column":73},"skip":true},"32":{"start":{"line":122,"column":12},"end":{"line":122,"column":74},"skip":true},"33":{"start":{"line":123,"column":12},"end":{"line":123,"column":25},"skip":true},"34":{"start":{"line":124,"column":12},"end":{"line":124,"column":45},"skip":true},"35":{"start":{"line":127,"column":8},"end":{"line":136,"column":10},"skip":true},"36":{"start":{"line":134,"column":12},"end":{"line":134,"column":25},"skip":true},"37":{"start":{"line":135,"column":12},"end":{"line":135,"column":45},"skip":true},"38":{"start":{"line":138,"column":8},"end":{"line":147,"column":10},"skip":true},"39":{"start":{"line":145,"column":12},"end":{"line":145,"column":25},"skip":true},"40":{"start":{"line":146,"column":12},"end":{"line":146,"column":48},"skip":true},"41":{"start":{"line":149,"column":8},"end":{"line":158,"column":10},"skip":true},"42":{"start":{"line":156,"column":12},"end":{"line":156,"column":25},"skip":true},"43":{"start":{"line":157,"column":12},"end":{"line":157,"column":46},"skip":true},"44":{"start":{"line":160,"column":8},"end":{"line":169,"column":10},"skip":true},"45":{"start":{"line":167,"column":12},"end":{"line":167,"column":94},"skip":true},"46":{"start":{"line":168,"column":12},"end":{"line":168,"column":48},"skip":true},"47":{"start":{"line":172,"column":8},"end":{"line":172,"column":35},"skip":true},"48":{"start":{"line":173,"column":8},"end":{"line":173,"column":14},"skip":true}},"branchMap":{"1":{"line":25,"type":"binary-expr","locations":[{"start":{"line":25,"column":23},"end":{"line":25,"column":62}},{"start":{"line":26,"column":20},"end":{"line":26,"column":70}},{"start":{"line":27,"column":20},"end":{"line":27,"column":71}},{"start":{"line":28,"column":20},"end":{"line":28,"column":29}}]},"2":{"line":30,"type":"binary-expr","locations":[{"start":{"line":30,"column":23},"end":{"line":30,"column":37}},{"start":{"line":31,"column":20},"end":{"line":31,"column":61}},{"start":{"line":32,"column":20},"end":{"line":32,"column":70}},{"start":{"line":33,"column":20},"end":{"line":33,"column":26}}]},"3":{"line":37,"type":"cond-expr","locations":[{"start":{"line":38,"column":14},"end":{"line":38,"column":20}},{"start":{"line":39,"column":14},"end":{"line":39,"column":20}}]},"4":{"line":40,"type":"switch","locations":[{"start":{"line":42,"column":8},"end":{"line":47,"column":18}},{"start":{"line":49,"column":8},"end":{"line":52,"column":18}}]},"5":{"line":44,"type":"binary-expr","locations":[{"start":{"line":44,"column":16},"end":{"line":44,"column":44}},{"start":{"line":44,"column":48},"end":{"line":44,"column":66}}]},"6":{"line":50,"type":"binary-expr","locations":[{"start":{"line":50,"column":21},"end":{"line":50,"column":49}},{"start":{"line":50,"column":53},"end":{"line":50,"column":72}}]},"7":{"line":64,"type":"switch","locations":[{"start":{"line":69,"column":4},"end":{"line":70,"column":14}},{"start":{"line":75,"column":4},"end":{"line":76,"column":14}}]},"8":{"line":85,"type":"switch","locations":[{"start":{"line":90,"column":4},"end":{"line":95,"column":14}},{"start":{"line":101,"column":4},"end":{"line":173,"column":14},"skip":true}]},"9":{"line":92,"type":"binary-expr","locations":[{"start":{"line":92,"column":18},"end":{"line":92,"column":32}},{"start":{"line":93,"column":12},"end":{"line":93,"column":53}},{"start":{"line":94,"column":12},"end":{"line":94,"column":61}}]},"10":{"line":102,"type":"binary-expr","locations":[{"start":{"line":102,"column":45},"end":{"line":102,"column":79},"skip":true},{"start":{"line":102,"column":83},"end":{"line":111,"column":9},"skip":true}]},"11":{"line":113,"type":"binary-expr","locations":[{"start":{"line":113,"column":42},"end":{"line":113,"column":73},"skip":true},{"start":{"line":113,"column":77},"end":{"line":125,"column":9},"skip":true}]},"12":{"line":127,"type":"binary-expr","locations":[{"start":{"line":127,"column":42},"end":{"line":127,"column":73},"skip":true},{"start":{"line":127,"column":77},"end":{"line":136,"column":9},"skip":true}]},"13":{"line":138,"type":"binary-expr","locations":[{"start":{"line":138,"column":45},"end":{"line":138,"column":79},"skip":true},{"start":{"line":138,"column":83},"end":{"line":147,"column":9},"skip":true}]},"14":{"line":149,"type":"binary-expr","locations":[{"start":{"line":149,"column":43},"end":{"line":149,"column":75},"skip":true},{"start":{"line":149,"column":79},"end":{"line":158,"column":9},"skip":true}]},"15":{"line":160,"type":"binary-expr","locations":[{"start":{"line":160,"column":41},"end":{"line":160,"column":71},"skip":true},{"start":{"line":160,"column":75},"end":{"line":169,"column":9},"skip":true}]}},"code":["/* istanbul instrument in package npmtest_webpack_dev_server */","/*jslint","    bitwise: true,","    browser: true,","    maxerr: 8,","    maxlen: 96,","    node: true,","    nomen: true,","    regexp: true,","    stupid: true","*/","(function () {","    'use strict';","    var local;","","","","    // run shared js-env code - pre-init","    (function () {","        // init local","        local = {};","        // init modeJs","        local.modeJs = (function () {","            try {","                return typeof navigator.userAgent === 'string' &&","                    typeof document.querySelector('body') === 'object' &&","                    typeof XMLHttpRequest.prototype.open === 'function' &&","                    'browser';","            } catch (errorCaughtBrowser) {","                return module.exports &&","                    typeof process.versions.node === 'string' &&","                    typeof require('http').createServer === 'function' &&","                    'node';","            }","        }());","        // init global","        local.global = local.modeJs === 'browser'","            ? window","            : global;","        switch (local.modeJs) {","        // re-init local from window.local","        case 'browser':","            local = local.global.utility2.objectSetDefault(","                local.global.utility2_rollup || local.global.local,","                local.global.utility2","            );","            break;","        // re-init local from example.js","        case 'node':","            local = (local.global.utility2_rollup || require('utility2'))","                .requireExampleJsFromReadme();","            break;","        }","        // export local","        local.global.local = local;","    }());","","","","    // run shared js-env code - function","    (function () {","        return;","    }());","    switch (local.modeJs) {","","","","    // run browser js-env code - function","    case 'browser':","        break;","","","","    // run node js-env code - function","    case 'node':","        break;","    }","","","","    // run shared js-env code - post-init","    (function () {","        return;","    }());","    switch (local.modeJs) {","","","","    // run browser js-env code - post-init","    case 'browser':","        // run tests","        local.nop(local.modeTest &&","            document.querySelector('#testRunButton1') &&","            document.querySelector('#testRunButton1').click());","        break;","","","","    // run node js-env code - post-init","    /* istanbul ignore next */","    case 'node':","        local.testCase_buildApidoc_default = local.testCase_buildApidoc_default || function (","            options,","            onError","        ) {","        /*","         * this function will test buildApidoc's default handling-behavior-behavior","         */","            options = { modulePathList: module.paths };","            local.buildApidoc(options, onError);","        };","","        local.testCase_buildApp_default = local.testCase_buildApp_default || function (","            options,","            onError","        ) {","        /*","         * this function will test buildApp's default handling-behavior-behavior","         */","            local.testCase_buildReadme_default(options, local.onErrorThrow);","            local.testCase_buildLib_default(options, local.onErrorThrow);","            local.testCase_buildTest_default(options, local.onErrorThrow);","            options = [];","            local.buildApp(options, onError);","        };","","        local.testCase_buildLib_default = local.testCase_buildLib_default || function (","            options,","            onError","        ) {","        /*","         * this function will test buildLib's default handling-behavior","         */","            options = {};","            local.buildLib(options, onError);","        };","","        local.testCase_buildReadme_default = local.testCase_buildReadme_default || function (","            options,","            onError","        ) {","        /*","         * this function will test buildReadme's default handling-behavior-behavior","         */","            options = {};","            local.buildReadme(options, onError);","        };","","        local.testCase_buildTest_default = local.testCase_buildTest_default || function (","            options,","            onError","        ) {","        /*","         * this function will test buildTest's default handling-behavior","         */","            options = {};","            local.buildTest(options, onError);","        };","","        local.testCase_webpage_default = local.testCase_webpage_default || function (","            options,","            onError","        ) {","        /*","         * this function will test webpage's default handling-behavior","         */","            options = { modeCoverageMerge: true, url: local.serverLocalHost + '?modeTest=1' };","            local.browserTest(options, onError);","        };","","        // run test-server","        local.testRunServer(local);","        break;","    }","}());",""],"l":{"12":2,"14":2,"19":2,"21":2,"23":2,"24":2,"25":2,"30":1,"37":2,"40":2,"43":1,"47":1,"50":1,"52":1,"55":2,"61":2,"62":2,"64":2,"70":1,"76":1,"82":2,"83":2,"85":2,"92":1,"95":1,"102":1,"109":1,"110":1,"113":1,"120":1,"121":1,"122":1,"123":1,"124":1,"127":1,"134":2,"135":2,"138":1,"145":2,"146":2,"149":1,"156":2,"157":2,"160":1,"167":1,"168":1,"172":1,"173":1}},"/home/travis/build/npmtest/node-npmtest-webpack-dev-server/lib.npmtest_webpack_dev_server.js":{"path":"/home/travis/build/npmtest/node-npmtest-webpack-dev-server/lib.npmtest_webpack_dev_server.js","s":{"1":2,"2":2,"3":2,"4":2,"5":2,"6":2,"7":2,"8":1,"9":2,"10":2,"11":2,"12":2,"13":1,"14":1,"15":1,"16":1},"b":{"1":[2,1,1,1],"2":[1,1,1,1],"3":[1,1],"4":[2,2],"5":[1,1]},"f":{"1":2,"2":2,"3":2},"fnMap":{"1":{"name":"(anonymous_1)","line":12,"loc":{"start":{"line":12,"column":1},"end":{"line":12,"column":13}}},"2":{"name":"(anonymous_2)","line":19,"loc":{"start":{"line":19,"column":5},"end":{"line":19,"column":17}}},"3":{"name":"(anonymous_3)","line":23,"loc":{"start":{"line":23,"column":24},"end":{"line":23,"column":36}}}},"statementMap":{"1":{"start":{"line":12,"column":0},"end":{"line":53,"column":5}},"2":{"start":{"line":14,"column":4},"end":{"line":14,"column":14}},"3":{"start":{"line":19,"column":4},"end":{"line":52,"column":9}},"4":{"start":{"line":21,"column":8},"end":{"line":21,"column":19}},"5":{"start":{"line":23,"column":8},"end":{"line":35,"column":13}},"6":{"start":{"line":24,"column":12},"end":{"line":34,"column":13}},"7":{"start":{"line":25,"column":16},"end":{"line":28,"column":30}},"8":{"start":{"line":30,"column":16},"end":{"line":33,"column":27}},"9":{"start":{"line":37,"column":8},"end":{"line":39,"column":21}},"10":{"start":{"line":41,"column":8},"end":{"line":41,"column":54}},"11":{"start":{"line":43,"column":8},"end":{"line":43,"column":63}},"12":{"start":{"line":45,"column":8},"end":{"line":51,"column":9}},"13":{"start":{"line":46,"column":12},"end":{"line":46,"column":69}},"14":{"start":{"line":48,"column":12},"end":{"line":48,"column":35}},"15":{"start":{"line":49,"column":12},"end":{"line":49,"column":49}},"16":{"start":{"line":50,"column":12},"end":{"line":50,"column":43}}},"branchMap":{"1":{"line":25,"type":"binary-expr","locations":[{"start":{"line":25,"column":23},"end":{"line":25,"column":62}},{"start":{"line":26,"column":20},"end":{"line":26,"column":70}},{"start":{"line":27,"column":20},"end":{"line":27,"column":71}},{"start":{"line":28,"column":20},"end":{"line":28,"column":29}}]},"2":{"line":30,"type":"binary-expr","locations":[{"start":{"line":30,"column":23},"end":{"line":30,"column":37}},{"start":{"line":31,"column":20},"end":{"line":31,"column":61}},{"start":{"line":32,"column":20},"end":{"line":32,"column":70}},{"start":{"line":33,"column":20},"end":{"line":33,"column":26}}]},"3":{"line":37,"type":"cond-expr","locations":[{"start":{"line":38,"column":14},"end":{"line":38,"column":20}},{"start":{"line":39,"column":14},"end":{"line":39,"column":20}}]},"4":{"line":41,"type":"binary-expr","locations":[{"start":{"line":41,"column":16},"end":{"line":41,"column":44}},{"start":{"line":41,"column":48},"end":{"line":41,"column":53}}]},"5":{"line":45,"type":"if","locations":[{"start":{"line":45,"column":8},"end":{"line":45,"column":8}},{"start":{"line":45,"column":8},"end":{"line":45,"column":8}}]}},"code":["/* istanbul instrument in package npmtest_webpack_dev_server */","/*jslint","    bitwise: true,","    browser: true,","    maxerr: 8,","    maxlen: 96,","    node: true,","    nomen: true,","    regexp: true,","    stupid: true","*/","(function () {","    'use strict';","    var local;","","","","    // run shared js-env code - pre-init","    (function () {","        // init local","        local = {};","        // init modeJs","        local.modeJs = (function () {","            try {","                return typeof navigator.userAgent === 'string' &&","                    typeof document.querySelector('body') === 'object' &&","                    typeof XMLHttpRequest.prototype.open === 'function' &&","                    'browser';","            } catch (errorCaughtBrowser) {","                return module.exports &&","                    typeof process.versions.node === 'string' &&","                    typeof require('http').createServer === 'function' &&","                    'node';","            }","        }());","        // init global","        local.global = local.modeJs === 'browser'","            ? window","            : global;","        // init utility2_rollup","        local = local.global.utility2_rollup || local;","        // init lib","        local.local = local.npmtest_webpack_dev_server = local;","        // init exports","        if (local.modeJs === 'browser') {","            local.global.utility2_npmtest_webpack_dev_server = local;","        } else {","            module.exports = local;","            module.exports.__dirname = __dirname;","            module.exports.module = module;","        }","    }());","}());",""],"l":{"12":2,"14":2,"19":2,"21":2,"23":2,"24":2,"25":2,"30":1,"37":2,"41":2,"43":2,"45":2,"46":1,"48":1,"49":1,"50":1}},"/home/travis/build/npmtest/node-npmtest-webpack-dev-server/example.js":{"path":"/home/travis/build/npmtest/node-npmtest-webpack-dev-server/example.js","s":{"1":2,"2":2,"3":2,"4":2,"5":2,"6":2,"7":2,"8":1,"9":2,"10":2,"11":2,"12":2,"13":1,"14":2,"15":2,"16":2,"17":2,"18":2,"19":0,"20":2,"21":1,"22":1,"23":1,"24":1,"25":1,"26":0,"27":0,"28":1,"29":1,"30":2,"31":0,"32":0,"33":0,"34":1,"35":2,"36":2,"37":2,"38":2,"39":2,"40":2,"41":0,"42":2,"43":2,"44":2,"45":1,"46":3,"47":1,"48":1,"49":1,"50":1,"51":1,"52":1,"53":1,"54":1,"55":1,"56":1,"57":0,"58":1,"59":6,"60":6,"61":1,"62":2,"63":0,"64":2,"65":1,"66":1,"67":0,"68":0,"69":0,"70":0,"71":0,"72":0,"73":0,"74":0,"75":0,"76":0,"77":0,"78":0,"79":0,"80":0,"81":0,"82":0,"83":0},"b":{"1":[2,1,1,1],"2":[1,1,1,1],"3":[1,1],"4":[2,2],"5":[1,1],"6":[1,1],"7":[2,0],"8":[2,1,1,1,1,1],"9":[0,2,0],"10":[1,1],"11":[2,1,1],"12":[1,0],"13":[0,2],"14":[2,0,0,0,0,0,0],"15":[0,2],"16":[2,0],"17":[1,1],"18":[0,1],"19":[1,2,0,2],"20":[1,0],"21":[1,1],"22":[0,0],"23":[0,0],"24":[0,0],"25":[0,0],"26":[0,0],"27":[0,0],"28":[0,0]},"f":{"1":2,"2":2,"3":2,"4":2,"5":2,"6":2,"7":2,"8":2,"9":3,"10":1,"11":6,"12":0},"fnMap":{"1":{"name":"(anonymous_1)","line":26,"loc":{"start":{"line":26,"column":1},"end":{"line":26,"column":13}}},"2":{"name":"(anonymous_2)","line":33,"loc":{"start":{"line":33,"column":5},"end":{"line":33,"column":17}}},"3":{"name":"(anonymous_3)","line":37,"loc":{"start":{"line":37,"column":24},"end":{"line":37,"column":36}}},"4":{"name":"(anonymous_4)","line":69,"loc":{"start":{"line":69,"column":31},"end":{"line":69,"column":48}},"skip":true},"5":{"name":"(anonymous_5)","line":78,"loc":{"start":{"line":78,"column":26},"end":{"line":78,"column":45}},"skip":true},"6":{"name":"(anonymous_6)","line":123,"loc":{"start":{"line":123,"column":33},"end":{"line":123,"column":48}},"skip":true},"7":{"name":"(anonymous_7)","line":125,"loc":{"start":{"line":125,"column":27},"end":{"line":125,"column":39}},"skip":true},"8":{"name":"(anonymous_8)","line":133,"loc":{"start":{"line":133,"column":59},"end":{"line":133,"column":74}},"skip":true},"9":{"name":"(anonymous_9)","line":143,"loc":{"start":{"line":143,"column":45},"end":{"line":143,"column":62}},"skip":true},"10":{"name":"(anonymous_10)","line":144,"loc":{"start":{"line":144,"column":73},"end":{"line":144,"column":92}},"skip":true},"11":{"name":"(anonymous_11)","line":272,"loc":{"start":{"line":272,"column":51},"end":{"line":272,"column":77}},"skip":true},"12":{"name":"(anonymous_12)","line":314,"loc":{"start":{"line":314,"column":32},"end":{"line":314,"column":61}},"skip":true}},"statementMap":{"1":{"start":{"line":26,"column":0},"end":{"line":325,"column":5}},"2":{"start":{"line":28,"column":4},"end":{"line":28,"column":14}},"3":{"start":{"line":33,"column":4},"end":{"line":60,"column":9}},"4":{"start":{"line":35,"column":8},"end":{"line":35,"column":19}},"5":{"start":{"line":37,"column":8},"end":{"line":49,"column":13}},"6":{"start":{"line":38,"column":12},"end":{"line":48,"column":13}},"7":{"start":{"line":39,"column":16},"end":{"line":42,"column":30}},"8":{"start":{"line":44,"column":16},"end":{"line":47,"column":27}},"9":{"start":{"line":51,"column":8},"end":{"line":53,"column":21}},"10":{"start":{"line":55,"column":8},"end":{"line":57,"column":45}},"11":{"start":{"line":59,"column":8},"end":{"line":59,"column":35}},"12":{"start":{"line":61,"column":4},"end":{"line":324,"column":5}},"13":{"start":{"line":69,"column":8},"end":{"line":121,"column":10},"skip":true},"14":{"start":{"line":70,"column":12},"end":{"line":88,"column":13},"skip":true},"15":{"start":{"line":76,"column":16},"end":{"line":87,"column":19},"skip":true},"16":{"start":{"line":79,"column":20},"end":{"line":86,"column":21},"skip":true},"17":{"start":{"line":82,"column":24},"end":{"line":82,"column":43},"skip":true},"18":{"start":{"line":83,"column":24},"end":{"line":83,"column":30},"skip":true},"19":{"start":{"line":85,"column":24},"end":{"line":85,"column":49},"skip":true},"20":{"start":{"line":89,"column":12},"end":{"line":107,"column":13},"skip":true},"21":{"start":{"line":92,"column":16},"end":{"line":102,"column":17},"skip":true},"22":{"start":{"line":93,"column":20},"end":{"line":93,"column":86},"skip":true},"23":{"start":{"line":94,"column":20},"end":{"line":95,"column":45},"skip":true},"24":{"start":{"line":96,"column":20},"end":{"line":96,"column":42},"skip":true},"25":{"start":{"line":97,"column":20},"end":{"line":97,"column":48},"skip":true},"26":{"start":{"line":100,"column":20},"end":{"line":100,"column":85},"skip":true},"27":{"start":{"line":101,"column":20},"end":{"line":101,"column":96},"skip":true},"28":{"start":{"line":103,"column":16},"end":{"line":103,"column":22},"skip":true},"29":{"start":{"line":106,"column":16},"end":{"line":106,"column":22},"skip":true},"30":{"start":{"line":108,"column":12},"end":{"line":120,"column":13},"skip":true},"31":{"start":{"line":114,"column":16},"end":{"line":119,"column":17},"skip":true},"32":{"start":{"line":116,"column":20},"end":{"line":116,"column":78},"skip":true},"33":{"start":{"line":118,"column":20},"end":{"line":118,"column":53},"skip":true},"34":{"start":{"line":123,"column":8},"end":{"line":141,"column":11},"skip":true},"35":{"start":{"line":124,"column":12},"end":{"line":124,"column":54},"skip":true},"36":{"start":{"line":125,"column":12},"end":{"line":140,"column":14},"skip":true},"37":{"start":{"line":126,"column":16},"end":{"line":126,"column":28},"skip":true},"38":{"start":{"line":127,"column":16},"end":{"line":127,"column":69},"skip":true},"39":{"start":{"line":128,"column":16},"end":{"line":128,"column":75},"skip":true},"40":{"start":{"line":129,"column":16},"end":{"line":131,"column":17},"skip":true},"41":{"start":{"line":130,"column":20},"end":{"line":130,"column":27},"skip":true},"42":{"start":{"line":133,"column":16},"end":{"line":137,"column":36},"skip":true},"43":{"start":{"line":134,"column":20},"end":{"line":136,"column":55},"skip":true},"44":{"start":{"line":139,"column":16},"end":{"line":139,"column":57},"skip":true},"45":{"start":{"line":143,"column":8},"end":{"line":147,"column":11},"skip":true},"46":{"start":{"line":144,"column":12},"end":{"line":146,"column":15},"skip":true},"47":{"start":{"line":145,"column":16},"end":{"line":145,"column":70},"skip":true},"48":{"start":{"line":149,"column":8},"end":{"line":149,"column":31},"skip":true},"49":{"start":{"line":150,"column":8},"end":{"line":150,"column":14},"skip":true},"50":{"start":{"line":158,"column":8},"end":{"line":158,"column":31},"skip":true},"51":{"start":{"line":160,"column":8},"end":{"line":160,"column":33},"skip":true},"52":{"start":{"line":161,"column":8},"end":{"line":161,"column":37},"skip":true},"53":{"start":{"line":162,"column":8},"end":{"line":162,"column":35},"skip":true},"54":{"start":{"line":164,"column":8},"end":{"line":164,"column":50},"skip":true},"55":{"start":{"line":166,"column":8},"end":{"line":256,"column":2},"skip":true},"56":{"start":{"line":258,"column":8},"end":{"line":286,"column":9},"skip":true},"57":{"start":{"line":259,"column":12},"end":{"line":269,"column":14},"skip":true},"58":{"start":{"line":271,"column":12},"end":{"line":285,"column":19},"skip":true},"59":{"start":{"line":274,"column":20},"end":{"line":274,"column":35},"skip":true},"60":{"start":{"line":275,"column":20},"end":{"line":284,"column":21},"skip":true},"61":{"start":{"line":277,"column":24},"end":{"line":277,"column":64},"skip":true},"62":{"start":{"line":279,"column":24},"end":{"line":279,"column":40},"skip":true},"63":{"start":{"line":281,"column":24},"end":{"line":281,"column":40},"skip":true},"64":{"start":{"line":283,"column":24},"end":{"line":283,"column":39},"skip":true},"65":{"start":{"line":288,"column":8},"end":{"line":290,"column":9},"skip":true},"66":{"start":{"line":289,"column":12},"end":{"line":289,"column":18},"skip":true},"67":{"start":{"line":291,"column":8},"end":{"line":293,"column":54},"skip":true},"68":{"start":{"line":294,"column":8},"end":{"line":301,"column":37},"skip":true},"69":{"start":{"line":302,"column":8},"end":{"line":302,"column":82},"skip":true},"70":{"start":{"line":305,"column":8},"end":{"line":307,"column":9},"skip":true},"71":{"start":{"line":306,"column":12},"end":{"line":306,"column":82},"skip":true},"72":{"start":{"line":309,"column":8},"end":{"line":311,"column":9},"skip":true},"73":{"start":{"line":310,"column":12},"end":{"line":310,"column":18},"skip":true},"74":{"start":{"line":312,"column":8},"end":{"line":312,"column":54},"skip":true},"75":{"start":{"line":313,"column":8},"end":{"line":313,"column":69},"skip":true},"76":{"start":{"line":314,"column":8},"end":{"line":322,"column":36},"skip":true},"77":{"start":{"line":315,"column":12},"end":{"line":315,"column":61},"skip":true},"78":{"start":{"line":316,"column":12},"end":{"line":319,"column":13},"skip":true},"79":{"start":{"line":317,"column":16},"end":{"line":317,"column":75},"skip":true},"80":{"start":{"line":318,"column":16},"end":{"line":318,"column":23},"skip":true},"81":{"start":{"line":320,"column":12},"end":{"line":320,"column":38},"skip":true},"82":{"start":{"line":321,"column":12},"end":{"line":321,"column":27},"skip":true},"83":{"start":{"line":323,"column":8},"end":{"line":323,"column":14},"skip":true}},"branchMap":{"1":{"line":39,"type":"binary-expr","locations":[{"start":{"line":39,"column":23},"end":{"line":39,"column":62}},{"start":{"line":40,"column":20},"end":{"line":40,"column":70}},{"start":{"line":41,"column":20},"end":{"line":41,"column":71}},{"start":{"line":42,"column":20},"end":{"line":42,"column":29}}]},"2":{"line":44,"type":"binary-expr","locations":[{"start":{"line":44,"column":23},"end":{"line":44,"column":37}},{"start":{"line":45,"column":20},"end":{"line":45,"column":61}},{"start":{"line":46,"column":20},"end":{"line":46,"column":70}},{"start":{"line":47,"column":20},"end":{"line":47,"column":26}}]},"3":{"line":51,"type":"cond-expr","locations":[{"start":{"line":52,"column":14},"end":{"line":52,"column":20}},{"start":{"line":53,"column":14},"end":{"line":53,"column":20}}]},"4":{"line":55,"type":"binary-expr","locations":[{"start":{"line":55,"column":16},"end":{"line":55,"column":44}},{"start":{"line":55,"column":49},"end":{"line":57,"column":43}}]},"5":{"line":55,"type":"cond-expr","locations":[{"start":{"line":56,"column":14},"end":{"line":56,"column":62}},{"start":{"line":57,"column":14},"end":{"line":57,"column":43}}]},"6":{"line":61,"type":"switch","locations":[{"start":{"line":68,"column":4},"end":{"line":150,"column":14},"skip":true},{"start":{"line":156,"column":4},"end":{"line":323,"column":14},"skip":true}]},"7":{"line":70,"type":"if","locations":[{"start":{"line":70,"column":12},"end":{"line":70,"column":12},"skip":true},{"start":{"line":70,"column":12},"end":{"line":70,"column":12},"skip":true}]},"8":{"line":70,"type":"binary-expr","locations":[{"start":{"line":70,"column":16},"end":{"line":70,"column":22},"skip":true},{"start":{"line":70,"column":27},"end":{"line":70,"column":32},"skip":true},{"start":{"line":71,"column":20},"end":{"line":71,"column":39},"skip":true},{"start":{"line":72,"column":20},"end":{"line":72,"column":49},"skip":true},{"start":{"line":73,"column":20},"end":{"line":73,"column":58},"skip":true},{"start":{"line":74,"column":20},"end":{"line":74,"column":69},"skip":true}]},"9":{"line":79,"type":"switch","locations":[{"start":{"line":80,"column":20},"end":{"line":80,"column":33},"skip":true},{"start":{"line":81,"column":20},"end":{"line":83,"column":30},"skip":true},{"start":{"line":84,"column":20},"end":{"line":85,"column":49},"skip":true}]},"10":{"line":89,"type":"switch","locations":[{"start":{"line":90,"column":12},"end":{"line":103,"column":22},"skip":true},{"start":{"line":105,"column":12},"end":{"line":106,"column":22},"skip":true}]},"11":{"line":89,"type":"binary-expr","locations":[{"start":{"line":89,"column":20},"end":{"line":89,"column":25},"skip":true},{"start":{"line":89,"column":29},"end":{"line":89,"column":48},"skip":true},{"start":{"line":89,"column":52},"end":{"line":89,"column":74},"skip":true}]},"12":{"line":92,"type":"if","locations":[{"start":{"line":92,"column":16},"end":{"line":92,"column":16},"skip":true},{"start":{"line":92,"column":16},"end":{"line":92,"column":16},"skip":true}]},"13":{"line":108,"type":"if","locations":[{"start":{"line":108,"column":12},"end":{"line":108,"column":12},"skip":true},{"start":{"line":108,"column":12},"end":{"line":108,"column":12},"skip":true}]},"14":{"line":108,"type":"binary-expr","locations":[{"start":{"line":108,"column":16},"end":{"line":108,"column":61},"skip":true},{"start":{"line":108,"column":66},"end":{"line":108,"column":72},"skip":true},{"start":{"line":108,"column":77},"end":{"line":108,"column":82},"skip":true},{"start":{"line":109,"column":20},"end":{"line":109,"column":39},"skip":true},{"start":{"line":110,"column":20},"end":{"line":110,"column":49},"skip":true},{"start":{"line":111,"column":20},"end":{"line":111,"column":58},"skip":true},{"start":{"line":112,"column":20},"end":{"line":112,"column":68},"skip":true}]},"15":{"line":129,"type":"if","locations":[{"start":{"line":129,"column":16},"end":{"line":129,"column":16},"skip":true},{"start":{"line":129,"column":16},"end":{"line":129,"column":16},"skip":true}]},"16":{"line":134,"type":"cond-expr","locations":[{"start":{"line":135,"column":26},"end":{"line":135,"column":29},"skip":true},{"start":{"line":136,"column":26},"end":{"line":136,"column":54},"skip":true}]},"17":{"line":164,"type":"binary-expr","locations":[{"start":{"line":164,"column":27},"end":{"line":164,"column":43},"skip":true},{"start":{"line":164,"column":47},"end":{"line":164,"column":49},"skip":true}]},"18":{"line":258,"type":"if","locations":[{"start":{"line":258,"column":8},"end":{"line":258,"column":8},"skip":true},{"start":{"line":258,"column":8},"end":{"line":258,"column":8},"skip":true}]},"19":{"line":275,"type":"switch","locations":[{"start":{"line":276,"column":20},"end":{"line":277,"column":64},"skip":true},{"start":{"line":278,"column":20},"end":{"line":279,"column":40},"skip":true},{"start":{"line":280,"column":20},"end":{"line":281,"column":40},"skip":true},{"start":{"line":282,"column":20},"end":{"line":283,"column":39},"skip":true}]},"20":{"line":288,"type":"if","locations":[{"start":{"line":288,"column":8},"end":{"line":288,"column":8},"skip":true},{"start":{"line":288,"column":8},"end":{"line":288,"column":8},"skip":true}]},"21":{"line":288,"type":"binary-expr","locations":[{"start":{"line":288,"column":12},"end":{"line":288,"column":40},"skip":true},{"start":{"line":288,"column":44},"end":{"line":288,"column":67},"skip":true}]},"22":{"line":292,"type":"binary-expr","locations":[{"start":{"line":292,"column":12},"end":{"line":292,"column":50},"skip":true},{"start":{"line":293,"column":12},"end":{"line":293,"column":53},"skip":true}]},"23":{"line":295,"type":"binary-expr","locations":[{"start":{"line":295,"column":12},"end":{"line":295,"column":76},"skip":true},{"start":{"line":296,"column":12},"end":{"line":301,"column":36},"skip":true}]},"24":{"line":302,"type":"binary-expr","locations":[{"start":{"line":302,"column":43},"end":{"line":302,"column":75},"skip":true},{"start":{"line":302,"column":79},"end":{"line":302,"column":81},"skip":true}]},"25":{"line":305,"type":"if","locations":[{"start":{"line":305,"column":8},"end":{"line":305,"column":8},"skip":true},{"start":{"line":305,"column":8},"end":{"line":305,"column":8},"skip":true}]},"26":{"line":309,"type":"if","locations":[{"start":{"line":309,"column":8},"end":{"line":309,"column":8},"skip":true},{"start":{"line":309,"column":8},"end":{"line":309,"column":8},"skip":true}]},"27":{"line":312,"type":"binary-expr","locations":[{"start":{"line":312,"column":27},"end":{"line":312,"column":43},"skip":true},{"start":{"line":312,"column":47},"end":{"line":312,"column":53},"skip":true}]},"28":{"line":316,"type":"if","locations":[{"start":{"line":316,"column":12},"end":{"line":316,"column":12},"skip":true},{"start":{"line":316,"column":12},"end":{"line":316,"column":12},"skip":true}]}},"code":["/*","example.js","","quickstart example","","instruction","    1. save this script as example.js","    2. run the shell command:","        $ npm install npmtest-webpack-dev-server && PORT=8081 node example.js","    3. play with the browser-demo on http://127.0.0.1:8081","*/","","","","/* istanbul instrument in package npmtest_webpack_dev_server */","/*jslint","    bitwise: true,","    browser: true,","    maxerr: 8,","    maxlen: 96,","    node: true,","    nomen: true,","    regexp: true,","    stupid: true","*/","(function () {","    'use strict';","    var local;","","","","    // run shared js-env code - pre-init","    (function () {","        // init local","        local = {};","        // init modeJs","        local.modeJs = (function () {","            try {","                return typeof navigator.userAgent === 'string' &&","                    typeof document.querySelector('body') === 'object' &&","                    typeof XMLHttpRequest.prototype.open === 'function' &&","                    'browser';","            } catch (errorCaughtBrowser) {","                return module.exports &&","                    typeof process.versions.node === 'string' &&","                    typeof require('http').createServer === 'function' &&","                    'node';","            }","        }());","        // init global","        local.global = local.modeJs === 'browser'","            ? window","            : global;","        // init utility2_rollup","        local = local.global.utility2_rollup || (local.modeJs === 'browser'","            ? local.global.utility2_npmtest_webpack_dev_server","            : global.utility2_moduleExports);","        // export local","        local.global.local = local;","    }());","    switch (local.modeJs) {","","","","    // post-init","    // run browser js-env code - post-init","    /* istanbul ignore next */","    case 'browser':","        local.testRunBrowser = function (event) {","            if (!event || (event &&","                    event.currentTarget &&","                    event.currentTarget.className &&","                    event.currentTarget.className.includes &&","                    event.currentTarget.className.includes('onreset'))) {","                // reset output","                Array.from(","                    document.querySelectorAll('body > .resettable')","                ).forEach(function (element) {","                    switch (element.tagName) {","                    case 'INPUT':","                    case 'TEXTAREA':","                        element.value = '';","                        break;","                    default:","                        element.textContent = '';","                    }","                });","            }","            switch (event && event.currentTarget && event.currentTarget.id) {","            case 'testRunButton1':","                // show tests","                if (document.querySelector('#testReportDiv1').style.display === 'none') {","                    document.querySelector('#testReportDiv1').style.display = 'block';","                    document.querySelector('#testRunButton1').textContent =","                        'hide internal test';","                    local.modeTest = true;","                    local.testRunDefault(local);","                // hide tests","                } else {","                    document.querySelector('#testReportDiv1').style.display = 'none';","                    document.querySelector('#testRunButton1').textContent = 'run internal test';","                }","                break;","            // custom-case","            default:","                break;","            }","            if (document.querySelector('#inputTextareaEval1') && (!event || (event &&","                    event.currentTarget &&","                    event.currentTarget.className &&","                    event.currentTarget.className.includes &&","                    event.currentTarget.className.includes('oneval')))) {","                // try to eval input-code","                try {","                    /*jslint evil: true*/","                    eval(document.querySelector('#inputTextareaEval1').value);","                } catch (errorCaught) {","                    console.error(errorCaught.stack);","                }","            }","        };","        // log stderr and stdout to #outputTextareaStdout1","        ['error', 'log'].forEach(function (key) {","            console[key + '_original'] = console[key];","            console[key] = function () {","                var element;","                console[key + '_original'].apply(console, arguments);","                element = document.querySelector('#outputTextareaStdout1');","                if (!element) {","                    return;","                }","                // append text to #outputTextareaStdout1","                element.value += Array.from(arguments).map(function (arg) {","                    return typeof arg === 'string'","                        ? arg","                        : JSON.stringify(arg, null, 4);","                }).join(' ') + '\\n';","                // scroll textarea to bottom","                element.scrollTop = element.scrollHeight;","            };","        });","        // init event-handling","        ['change', 'click', 'keyup'].forEach(function (event) {","            Array.from(document.querySelectorAll('.on' + event)).forEach(function (element) {","                element.addEventListener(event, local.testRunBrowser);","            });","        });","        // run tests","        local.testRunBrowser();","        break;","","","","    // run node js-env code - post-init","    /* istanbul ignore next */","    case 'node':","        // export local","        module.exports = local;","        // require modules","        local.fs = require('fs');","        local.http = require('http');","        local.url = require('url');","        // init assets","        local.assetsDict = local.assetsDict || {};","        /* jslint-ignore-begin */","        local.assetsDict['/assets.index.template.html'] = '\\","<!doctype html>\\n\\","<html lang=\"en\">\\n\\","<head>\\n\\","<meta charset=\"UTF-8\">\\n\\","<meta name=\"viewport\" content=\"width=device-width, initial-scale=1\">\\n\\","<title>{{env.npm_package_name}} (v{{env.npm_package_version}})</title>\\n\\","<style>\\n\\","/*csslint\\n\\","    box-sizing: false,\\n\\","    universal-selector: false\\n\\","*/\\n\\","* {\\n\\","    box-sizing: border-box;\\n\\","}\\n\\","body {\\n\\","    background: #dde;\\n\\","    font-family: Arial, Helvetica, sans-serif;\\n\\","    margin: 2rem;\\n\\","}\\n\\","body > * {\\n\\","    margin-bottom: 1rem;\\n\\","}\\n\\",".utility2FooterDiv {\\n\\","    margin-top: 20px;\\n\\","    text-align: center;\\n\\","}\\n\\","</style>\\n\\","<style>\\n\\","/*csslint\\n\\","*/\\n\\","textarea {\\n\\","    font-family: monospace;\\n\\","    height: 10rem;\\n\\","    width: 100%;\\n\\","}\\n\\","textarea[readonly] {\\n\\","    background: #ddd;\\n\\","}\\n\\","</style>\\n\\","</head>\\n\\","<body>\\n\\","<!-- utility2-comment\\n\\","<div id=\"ajaxProgressDiv1\" style=\"background: #d00; height: 2px; left: 0; margin: 0; padding: 0; position: fixed; top: 0; transition: background 0.5s, width 1.5s; width: 25%;\"></div>\\n\\","utility2-comment -->\\n\\","<h1>\\n\\","<!-- utility2-comment\\n\\","    <a\\n\\","        {{#if env.npm_package_homepage}}\\n\\","        href=\"{{env.npm_package_homepage}}\"\\n\\","        {{/if env.npm_package_homepage}}\\n\\","        target=\"_blank\"\\n\\","    >\\n\\","utility2-comment -->\\n\\","        {{env.npm_package_name}} (v{{env.npm_package_version}})\\n\\","<!-- utility2-comment\\n\\","    </a>\\n\\","utility2-comment -->\\n\\","</h1>\\n\\","<h3>{{env.npm_package_description}}</h3>\\n\\","<!-- utility2-comment\\n\\","<h4><a download href=\"assets.app.js\">download standalone app</a></h4>\\n\\","<button class=\"onclick onreset\" id=\"testRunButton1\">run internal test</button><br>\\n\\","<div id=\"testReportDiv1\" style=\"display: none;\"></div>\\n\\","utility2-comment -->\\n\\","\\n\\","\\n\\","\\n\\","<label>stderr and stdout</label>\\n\\","<textarea class=\"resettable\" id=\"outputTextareaStdout1\" readonly></textarea>\\n\\","<!-- utility2-comment\\n\\","{{#if isRollup}}\\n\\","<script src=\"assets.app.js\"></script>\\n\\","{{#unless isRollup}}\\n\\","utility2-comment -->\\n\\","<script src=\"assets.utility2.rollup.js\"></script>\\n\\","<script src=\"jsonp.utility2._stateInit?callback=window.utility2._stateInit\"></script>\\n\\","<script src=\"assets.npmtest_webpack_dev_server.rollup.js\"></script>\\n\\","<script src=\"assets.example.js\"></script>\\n\\","<script src=\"assets.test.js\"></script>\\n\\","<!-- utility2-comment\\n\\","{{/if isRollup}}\\n\\","utility2-comment -->\\n\\","<div class=\"utility2FooterDiv\">\\n\\","    [ this app was created with\\n\\","    <a href=\"https://github.com/kaizhu256/node-utility2\" target=\"_blank\">utility2</a>\\n\\","    ]\\n\\","</div>\\n\\","</body>\\n\\","</html>\\n\\","';","        /* jslint-ignore-end */","        if (local.templateRender) {","            local.assetsDict['/'] = local.templateRender(","                local.assetsDict['/assets.index.template.html'],","                {","                    env: local.objectSetDefault(local.env, {","                        npm_package_description: 'the greatest app in the world!',","                        npm_package_name: 'my-app',","                        npm_package_nameAlias: 'my_app',","                        npm_package_version: '0.0.1'","                    })","                }","            );","        } else {","            local.assetsDict['/'] = local.assetsDict['/assets.index.template.html']","                .replace((/\\{\\{env\\.(\\w+?)\\}\\}/g), function (match0, match1) {","                    // jslint-hack","                    String(match0);","                    switch (match1) {","                    case 'npm_package_description':","                        return 'the greatest app in the world!';","                    case 'npm_package_name':","                        return 'my-app';","                    case 'npm_package_nameAlias':","                        return 'my_app';","                    case 'npm_package_version':","                        return '0.0.1';","                    }","                });","        }","        // run the cli","        if (local.global.utility2_rollup || module !== require.main) {","            break;","        }","        local.assetsDict['/assets.example.js'] =","            local.assetsDict['/assets.example.js'] ||","            local.fs.readFileSync(__filename, 'utf8');","        local.assetsDict['/assets.npmtest_webpack_dev_server.rollup.js'] =","            local.assetsDict['/assets.npmtest_webpack_dev_server.rollup.js'] ||","            local.fs.readFileSync(","                // buildCustomOrg-hack","                local.npmtest_webpack_dev_server.__dirname +","                    '/lib.npmtest_webpack_dev_server.js',","                'utf8'","            ).replace((/^#!/), '//');","        local.assetsDict['/favicon.ico'] = local.assetsDict['/favicon.ico'] || '';","        // if $npm_config_timeout_exit exists,","        // then exit this process after $npm_config_timeout_exit ms","        if (Number(process.env.npm_config_timeout_exit)) {","            setTimeout(process.exit, Number(process.env.npm_config_timeout_exit));","        }","        // start server","        if (local.global.utility2_serverHttp1) {","            break;","        }","        process.env.PORT = process.env.PORT || '8081';","        console.error('server starting on port ' + process.env.PORT);","        local.http.createServer(function (request, response) {","            request.urlParsed = local.url.parse(request.url);","            if (local.assetsDict[request.urlParsed.pathname] !== undefined) {","                response.end(local.assetsDict[request.urlParsed.pathname]);","                return;","            }","            response.statusCode = 404;","            response.end();","        }).listen(process.env.PORT);","        break;","    }","}());",""],"l":{"26":2,"28":2,"33":2,"35":2,"37":2,"38":2,"39":2,"44":1,"51":2,"55":2,"59":2,"61":2,"69":1,"70":2,"76":2,"79":2,"82":2,"83":2,"85":1,"89":2,"92":1,"93":1,"94":1,"96":1,"97":1,"100":1,"101":1,"103":1,"106":1,"108":2,"114":1,"116":1,"118":1,"123":1,"124":2,"125":2,"126":2,"127":2,"128":2,"129":2,"130":1,"133":2,"134":2,"139":2,"143":1,"144":3,"145":1,"149":1,"150":1,"158":1,"160":1,"161":1,"162":1,"164":1,"166":1,"258":1,"259":1,"271":1,"274":6,"275":6,"277":1,"279":2,"281":1,"283":2,"288":1,"289":1,"291":1,"294":1,"302":1,"305":1,"306":1,"309":1,"310":1,"312":1,"313":1,"314":1,"315":1,"316":1,"317":1,"318":1,"320":1,"321":1,"323":1}},"/home/travis/build/npmtest/node-npmtest-webpack-dev-server/webpack-dev-server/lib/Server.js":{"path":"/home/travis/build/npmtest/node-npmtest-webpack-dev-server/webpack-dev-server/lib/Server.js","s":{"1":1,"2":1,"3":1,"4":1,"5":1,"6":1,"7":1,"8":1,"9":1,"10":1,"11":1,"12":1,"13":1,"14":1,"15":1,"16":1,"17":1,"18":0,"19":0,"20":0,"21":0,"22":0,"23":0,"24":0,"25":0,"26":0,"27":0,"28":0,"29":0,"30":0,"31":0,"32":0,"33":0,"34":0,"35":0,"36":0,"37":0,"38":0,"39":0,"40":0,"41":0,"42":0,"43":0,"44":0,"45":0,"46":0,"47":0,"48":0,"49":0,"50":0,"51":0,"52":0,"53":0,"54":0,"55":0,"56":0,"57":1,"58":0,"59":0,"60":0,"61":0,"62":0,"63":0,"64":0,"65":0,"66":0,"67":0,"68":0,"69":0,"70":0,"71":0,"72":0,"73":0,"74":0,"75":0,"76":0,"77":0,"78":0,"79":0,"80":0,"81":0,"82":0,"83":0,"84":0,"85":0,"86":0,"87":0,"88":0,"89":0,"90":0,"91":0,"92":0,"93":0,"94":0,"95":0,"96":0,"97":0,"98":0,"99":0,"100":0,"101":0,"102":0,"103":0,"104":0,"105":0,"106":0,"107":0,"108":0,"109":0,"110":0,"111":0,"112":0,"113":0,"114":0,"115":0,"116":0,"117":0,"118":0,"119":0,"120":0,"121":0,"122":0,"123":0,"124":0,"125":0,"126":0,"127":0,"128":0,"129":0,"130":0,"131":0,"132":0,"133":0,"134":0,"135":0,"136":0,"137":0,"138":0,"139":0,"140":0,"141":0,"142":0,"143":0,"144":0,"145":0,"146":0,"147":0,"148":0,"149":0,"150":0,"151":0,"152":0,"153":0,"154":0,"155":0,"156":0,"157":0,"158":0,"159":0,"160":0,"161":0,"162":0,"163":0,"164":0,"165":0,"166":0,"167":0,"168":0,"169":0,"170":0,"171":0,"172":0,"173":0,"174":0,"175":0,"176":0,"177":0,"178":0,"179":0,"180":0,"181":0,"182":0,"183":0,"184":0,"185":0,"186":0,"187":0,"188":0,"189":0,"190":0,"191":0,"192":0,"193":0,"194":0,"195":0,"196":0,"197":1,"198":0,"199":1,"200":0,"201":0,"202":0,"203":0,"204":1,"205":0,"206":0,"207":0,"208":0,"209":0,"210":0,"211":0,"212":0,"213":0,"214":0,"215":0,"216":0,"217":0,"218":0,"219":0,"220":0,"221":0,"222":0,"223":0,"224":0,"225":0,"226":0,"227":0,"228":1,"229":0,"230":0,"231":0,"232":0,"233":0,"234":0,"235":0,"236":0,"237":1,"238":0,"239":0,"240":1,"241":0,"242":0,"243":0,"244":0,"245":0,"246":0,"247":0,"248":0,"249":0,"250":0,"251":1,"252":0,"253":0,"254":0,"255":0,"256":0,"257":0,"258":0,"259":0,"260":0,"261":1,"262":0,"263":0,"264":0,"265":1,"266":0,"267":0,"268":1,"269":1},"b":{"1":[0,0],"2":[0,0],"3":[0,0],"4":[0,0],"5":[0,0],"6":[0,0],"7":[0,0],"8":[0,0],"9":[0,0],"10":[0,0],"11":[0,0],"12":[0,0],"13":[0,0],"14":[0,0],"15":[0,0],"16":[0,0],"17":[0,0],"18":[0,0],"19":[0,0],"20":[0,0],"21":[0,0],"22":[0,0,0],"23":[0,0],"24":[0,0],"25":[0,0],"26":[0,0],"27":[0,0],"28":[0,0],"29":[0,0],"30":[0,0],"31":[0,0],"32":[0,0],"33":[0,0],"34":[0,0],"35":[0,0],"36":[0,0],"37":[0,0],"38":[0,0],"39":[0,0],"40":[0,0],"41":[0,0],"42":[0,0],"43":[0,0],"44":[0,0],"45":[0,0],"46":[0,0],"47":[0,0],"48":[0,0],"49":[0,0],"50":[0,0],"51":[0,0],"52":[0,0],"53":[0,0],"54":[0,0],"55":[0,0],"56":[0,0],"57":[0,0],"58":[0,0],"59":[0,0],"60":[0,0],"61":[0,0],"62":[0,0],"63":[0,0,0,0,0,0],"64":[0,0],"65":[0,0],"66":[0,0]},"f":{"1":0,"2":0,"3":0,"4":0,"5":0,"6":0,"7":0,"8":0,"9":0,"10":0,"11":0,"12":0,"13":0,"14":0,"15":0,"16":0,"17":0,"18":0,"19":0},"fnMap":{"1":{"name":"Server","line":21,"loc":{"start":{"line":21,"column":0},"end":{"line":21,"column":35}}},"2":{"name":"writeDirectory","line":85,"loc":{"start":{"line":85,"column":2},"end":{"line":85,"column":45}}},"3":{"name":"(anonymous_3)","line":88,"loc":{"start":{"line":88,"column":19},"end":{"line":88,"column":34}}},"4":{"name":"(anonymous_4)","line":134,"loc":{"start":{"line":134,"column":10},"end":{"line":134,"column":13}}},"5":{"name":"(anonymous_5)","line":141,"loc":{"start":{"line":141,"column":7},"end":{"line":141,"column":10}}},"6":{"name":"(anonymous_6)","line":239,"loc":{"start":{"line":239,"column":20},"end":{"line":239,"column":23}}},"7":{"name":"(anonymous_7)","line":248,"loc":{"start":{"line":248,"column":18},"end":{"line":248,"column":21}}},"8":{"name":"(anonymous_8)","line":279,"loc":{"start":{"line":279,"column":18},"end":{"line":279,"column":21}}},"9":{"name":"(anonymous_9)","line":373,"loc":{"start":{"line":373,"column":26},"end":{"line":373,"column":44}}},"10":{"name":"(anonymous_10)","line":378,"loc":{"start":{"line":378,"column":23},"end":{"line":378,"column":34}}},"11":{"name":"(anonymous_11)","line":382,"loc":{"start":{"line":382,"column":37},"end":{"line":382,"column":62}}},"12":{"name":"(anonymous_12)","line":393,"loc":{"start":{"line":393,"column":26},"end":{"line":393,"column":37}}},"13":{"name":"(anonymous_13)","line":399,"loc":{"start":{"line":399,"column":7},"end":{"line":399,"column":32}}},"14":{"name":"(anonymous_14)","line":434,"loc":{"start":{"line":434,"column":25},"end":{"line":434,"column":44}}},"15":{"name":"(anonymous_15)","line":449,"loc":{"start":{"line":449,"column":29},"end":{"line":449,"column":59}}},"16":{"name":"(anonymous_16)","line":458,"loc":{"start":{"line":458,"column":34},"end":{"line":458,"column":59}}},"17":{"name":"(anonymous_17)","line":477,"loc":{"start":{"line":477,"column":30},"end":{"line":477,"column":62}}},"18":{"name":"(anonymous_18)","line":494,"loc":{"start":{"line":494,"column":26},"end":{"line":494,"column":41}}},"19":{"name":"(anonymous_19)","line":502,"loc":{"start":{"line":502,"column":30},"end":{"line":502,"column":41}}}},"statementMap":{"1":{"start":{"line":3,"column":0},"end":{"line":3,"column":25}},"2":{"start":{"line":4,"column":0},"end":{"line":4,"column":37}},"3":{"start":{"line":5,"column":0},"end":{"line":5,"column":29}},"4":{"start":{"line":6,"column":0},"end":{"line":6,"column":63}},"5":{"start":{"line":7,"column":0},"end":{"line":7,"column":35}},"6":{"start":{"line":8,"column":0},"end":{"line":8,"column":40}},"7":{"start":{"line":9,"column":0},"end":{"line":9,"column":33}},"8":{"start":{"line":10,"column":0},"end":{"line":10,"column":29}},"9":{"start":{"line":11,"column":0},"end":{"line":11,"column":29}},"10":{"start":{"line":12,"column":0},"end":{"line":12,"column":61}},"11":{"start":{"line":13,"column":0},"end":{"line":13,"column":42}},"12":{"start":{"line":14,"column":0},"end":{"line":14,"column":67}},"13":{"start":{"line":15,"column":0},"end":{"line":15,"column":35}},"14":{"start":{"line":16,"column":0},"end":{"line":16,"column":67}},"15":{"start":{"line":17,"column":0},"end":{"line":17,"column":54}},"16":{"start":{"line":19,"column":0},"end":{"line":19,"column":44}},"17":{"start":{"line":21,"column":0},"end":{"line":376,"column":1}},"18":{"start":{"line":23,"column":1},"end":{"line":23,"column":27}},"19":{"start":{"line":23,"column":14},"end":{"line":23,"column":27}},"20":{"start":{"line":25,"column":1},"end":{"line":25,"column":73}},"21":{"start":{"line":26,"column":1},"end":{"line":28,"column":2}},"22":{"start":{"line":27,"column":2},"end":{"line":27,"column":53}},"23":{"start":{"line":30,"column":1},"end":{"line":32,"column":2}},"24":{"start":{"line":31,"column":2},"end":{"line":31,"column":65}},"25":{"start":{"line":34,"column":1},"end":{"line":34,"column":43}},"26":{"start":{"line":35,"column":1},"end":{"line":35,"column":32}},"27":{"start":{"line":36,"column":1},"end":{"line":36,"column":46}},"28":{"start":{"line":37,"column":1},"end":{"line":37,"column":38}},"29":{"start":{"line":38,"column":1},"end":{"line":38,"column":19}},"30":{"start":{"line":39,"column":1},"end":{"line":39,"column":31}},"31":{"start":{"line":42,"column":1},"end":{"line":44,"column":3}},"32":{"start":{"line":43,"column":2},"end":{"line":43,"column":42}},"33":{"start":{"line":45,"column":1},"end":{"line":45,"column":43}},"34":{"start":{"line":46,"column":1},"end":{"line":46,"column":43}},"35":{"start":{"line":47,"column":1},"end":{"line":50,"column":4}},"36":{"start":{"line":48,"column":2},"end":{"line":48,"column":59}},"37":{"start":{"line":49,"column":2},"end":{"line":49,"column":22}},"38":{"start":{"line":53,"column":1},"end":{"line":53,"column":38}},"39":{"start":{"line":56,"column":1},"end":{"line":56,"column":59}},"40":{"start":{"line":58,"column":1},"end":{"line":61,"column":4}},"41":{"start":{"line":59,"column":2},"end":{"line":59,"column":58}},"42":{"start":{"line":60,"column":2},"end":{"line":60,"column":88}},"43":{"start":{"line":63,"column":1},"end":{"line":66,"column":4}},"44":{"start":{"line":64,"column":2},"end":{"line":64,"column":58}},"45":{"start":{"line":65,"column":2},"end":{"line":65,"column":90}},"46":{"start":{"line":68,"column":1},"end":{"line":71,"column":4}},"47":{"start":{"line":69,"column":2},"end":{"line":69,"column":58}},"48":{"start":{"line":70,"column":2},"end":{"line":70,"column":89}},"49":{"start":{"line":73,"column":1},"end":{"line":76,"column":4}},"50":{"start":{"line":74,"column":2},"end":{"line":74,"column":45}},"51":{"start":{"line":75,"column":2},"end":{"line":75,"column":83}},"52":{"start":{"line":78,"column":1},"end":{"line":121,"column":4}},"53":{"start":{"line":79,"column":2},"end":{"line":79,"column":45}},"54":{"start":{"line":81,"column":2},"end":{"line":81,"column":79}},"55":{"start":{"line":82,"column":2},"end":{"line":82,"column":77}},"56":{"start":{"line":83,"column":2},"end":{"line":83,"column":40}},"57":{"start":{"line":85,"column":2},"end":{"line":117,"column":3}},"58":{"start":{"line":86,"column":3},"end":{"line":86,"column":44}},"59":{"start":{"line":87,"column":3},"end":{"line":87,"column":21}},"60":{"start":{"line":88,"column":3},"end":{"line":115,"column":6}},"61":{"start":{"line":89,"column":4},"end":{"line":89,"column":36}},"62":{"start":{"line":90,"column":4},"end":{"line":114,"column":5}},"63":{"start":{"line":91,"column":5},"end":{"line":91,"column":32}},"64":{"start":{"line":92,"column":5},"end":{"line":92,"column":31}},"65":{"start":{"line":93,"column":5},"end":{"line":93,"column":21}},"66":{"start":{"line":94,"column":5},"end":{"line":94,"column":21}},"67":{"start":{"line":95,"column":5},"end":{"line":95,"column":28}},"68":{"start":{"line":96,"column":5},"end":{"line":107,"column":6}},"69":{"start":{"line":97,"column":6},"end":{"line":97,"column":55}},"70":{"start":{"line":98,"column":6},"end":{"line":98,"column":33}},"71":{"start":{"line":99,"column":6},"end":{"line":99,"column":36}},"72":{"start":{"line":100,"column":6},"end":{"line":100,"column":22}},"73":{"start":{"line":101,"column":6},"end":{"line":101,"column":26}},"74":{"start":{"line":102,"column":6},"end":{"line":102,"column":41}},"75":{"start":{"line":103,"column":6},"end":{"line":103,"column":22}},"76":{"start":{"line":104,"column":6},"end":{"line":104,"column":32}},"77":{"start":{"line":105,"column":6},"end":{"line":105,"column":98}},"78":{"start":{"line":106,"column":6},"end":{"line":106,"column":50}},"79":{"start":{"line":109,"column":5},"end":{"line":109,"column":23}},"80":{"start":{"line":110,"column":5},"end":{"line":110,"column":21}},"81":{"start":{"line":111,"column":5},"end":{"line":111,"column":23}},"82":{"start":{"line":112,"column":5},"end":{"line":112,"column":45}},"83":{"start":{"line":113,"column":5},"end":{"line":113,"column":24}},"84":{"start":{"line":116,"column":3},"end":{"line":116,"column":22}},"85":{"start":{"line":119,"column":2},"end":{"line":119,"column":50}},"86":{"start":{"line":120,"column":2},"end":{"line":120,"column":28}},"87":{"start":{"line":123,"column":1},"end":{"line":123,"column":17}},"88":{"start":{"line":124,"column":1},"end":{"line":128,"column":2}},"89":{"start":{"line":125,"column":2},"end":{"line":125,"column":36}},"90":{"start":{"line":127,"column":2},"end":{"line":127,"column":30}},"91":{"start":{"line":131,"column":1},"end":{"line":131,"column":29}},"92":{"start":{"line":133,"column":1},"end":{"line":318,"column":3}},"93":{"start":{"line":135,"column":3},"end":{"line":138,"column":4}},"94":{"start":{"line":137,"column":4},"end":{"line":137,"column":24}},"95":{"start":{"line":142,"column":3},"end":{"line":236,"column":4}},"96":{"start":{"line":153,"column":4},"end":{"line":172,"column":5}},"97":{"start":{"line":154,"column":5},"end":{"line":171,"column":8}},"98":{"start":{"line":155,"column":6},"end":{"line":155,"column":23}},"99":{"start":{"line":157,"column":6},"end":{"line":157,"column":82}},"100":{"start":{"line":159,"column":6},"end":{"line":167,"column":7}},"101":{"start":{"line":160,"column":7},"end":{"line":163,"column":9}},"102":{"start":{"line":165,"column":7},"end":{"line":165,"column":64}},"103":{"start":{"line":166,"column":7},"end":{"line":166,"column":47}},"104":{"start":{"line":168,"column":6},"end":{"line":168,"column":62}},"105":{"start":{"line":170,"column":6},"end":{"line":170,"column":26}},"106":{"start":{"line":174,"column":4},"end":{"line":182,"column":5}},"107":{"start":{"line":175,"column":5},"end":{"line":175,"column":61}},"108":{"start":{"line":179,"column":5},"end":{"line":181,"column":6}},"109":{"start":{"line":180,"column":6},"end":{"line":180,"column":55}},"110":{"start":{"line":200,"column":4},"end":{"line":235,"column":7}},"111":{"start":{"line":201,"column":5},"end":{"line":201,"column":21}},"112":{"start":{"line":202,"column":5},"end":{"line":202,"column":25}},"113":{"start":{"line":204,"column":5},"end":{"line":208,"column":6}},"114":{"start":{"line":205,"column":6},"end":{"line":205,"column":44}},"115":{"start":{"line":207,"column":6},"end":{"line":207,"column":42}},"116":{"start":{"line":210,"column":5},"end":{"line":210,"column":55}},"117":{"start":{"line":211,"column":5},"end":{"line":213,"column":6}},"118":{"start":{"line":212,"column":6},"end":{"line":212,"column":45}},"119":{"start":{"line":215,"column":5},"end":{"line":234,"column":8}},"120":{"start":{"line":216,"column":6},"end":{"line":222,"column":7}},"121":{"start":{"line":217,"column":7},"end":{"line":217,"column":54}},"122":{"start":{"line":218,"column":7},"end":{"line":221,"column":8}},"123":{"start":{"line":219,"column":8},"end":{"line":219,"column":37}},"124":{"start":{"line":220,"column":8},"end":{"line":220,"column":58}},"125":{"start":{"line":223,"column":6},"end":{"line":223,"column":62}},"126":{"start":{"line":224,"column":6},"end":{"line":224,"column":85}},"127":{"start":{"line":226,"column":6},"end":{"line":233,"column":7}},"128":{"start":{"line":227,"column":7},"end":{"line":227,"column":27}},"129":{"start":{"line":228,"column":7},"end":{"line":228,"column":14}},"130":{"start":{"line":229,"column":13},"end":{"line":233,"column":7}},"131":{"start":{"line":230,"column":7},"end":{"line":230,"column":46}},"132":{"start":{"line":232,"column":7},"end":{"line":232,"column":14}},"133":{"start":{"line":240,"column":3},"end":{"line":245,"column":4}},"134":{"start":{"line":242,"column":4},"end":{"line":244,"column":6}},"135":{"start":{"line":249,"column":3},"end":{"line":276,"column":4}},"136":{"start":{"line":250,"column":4},"end":{"line":252,"column":7}},"137":{"start":{"line":251,"column":5},"end":{"line":251,"column":40}},"138":{"start":{"line":253,"column":10},"end":{"line":276,"column":4}},"139":{"start":{"line":254,"column":4},"end":{"line":254,"column":144}},"140":{"start":{"line":255,"column":4},"end":{"line":255,"column":82}},"141":{"start":{"line":257,"column":4},"end":{"line":262,"column":7}},"142":{"start":{"line":258,"column":5},"end":{"line":260,"column":8}},"143":{"start":{"line":261,"column":5},"end":{"line":261,"column":15}},"144":{"start":{"line":263,"column":10},"end":{"line":276,"column":4}},"145":{"start":{"line":264,"column":4},"end":{"line":264,"column":147}},"146":{"start":{"line":265,"column":4},"end":{"line":265,"column":94}},"147":{"start":{"line":267,"column":4},"end":{"line":272,"column":7}},"148":{"start":{"line":268,"column":5},"end":{"line":270,"column":8}},"149":{"start":{"line":271,"column":5},"end":{"line":271,"column":15}},"150":{"start":{"line":275,"column":4},"end":{"line":275,"column":69}},"151":{"start":{"line":280,"column":3},"end":{"line":286,"column":4}},"152":{"start":{"line":281,"column":4},"end":{"line":283,"column":7}},"153":{"start":{"line":282,"column":5},"end":{"line":282,"column":36}},"154":{"start":{"line":284,"column":10},"end":{"line":286,"column":4}},"155":{"start":{"line":285,"column":4},"end":{"line":285,"column":42}},"156":{"start":{"line":290,"column":3},"end":{"line":298,"column":4}},"157":{"start":{"line":291,"column":4},"end":{"line":291,"column":63}},"158":{"start":{"line":292,"column":10},"end":{"line":298,"column":4}},"159":{"start":{"line":293,"column":4},"end":{"line":295,"column":7}},"160":{"start":{"line":294,"column":5},"end":{"line":294,"column":23}},"161":{"start":{"line":297,"column":4},"end":{"line":297,"column":29}},"162":{"start":{"line":303,"column":3},"end":{"line":303,"column":28}},"163":{"start":{"line":307,"column":3},"end":{"line":307,"column":51}},"164":{"start":{"line":311,"column":3},"end":{"line":311,"column":48}},"165":{"start":{"line":315,"column":3},"end":{"line":316,"column":29}},"166":{"start":{"line":316,"column":4},"end":{"line":316,"column":29}},"167":{"start":{"line":320,"column":1},"end":{"line":320,"column":60}},"168":{"start":{"line":321,"column":1},"end":{"line":322,"column":46}},"169":{"start":{"line":322,"column":2},"end":{"line":322,"column":46}},"170":{"start":{"line":323,"column":1},"end":{"line":324,"column":43}},"171":{"start":{"line":324,"column":2},"end":{"line":324,"column":43}},"172":{"start":{"line":325,"column":1},"end":{"line":326,"column":43}},"173":{"start":{"line":326,"column":2},"end":{"line":326,"column":43}},"174":{"start":{"line":327,"column":1},"end":{"line":331,"column":2}},"175":{"start":{"line":328,"column":2},"end":{"line":328,"column":59}},"176":{"start":{"line":329,"column":2},"end":{"line":330,"column":44}},"177":{"start":{"line":330,"column":3},"end":{"line":330,"column":44}},"178":{"start":{"line":332,"column":1},"end":{"line":332,"column":35}},"179":{"start":{"line":333,"column":1},"end":{"line":334,"column":43}},"180":{"start":{"line":334,"column":2},"end":{"line":334,"column":43}},"181":{"start":{"line":336,"column":1},"end":{"line":337,"column":38}},"182":{"start":{"line":337,"column":2},"end":{"line":337,"column":38}},"183":{"start":{"line":339,"column":1},"end":{"line":341,"column":4}},"184":{"start":{"line":340,"column":2},"end":{"line":340,"column":22}},"185":{"start":{"line":343,"column":1},"end":{"line":369,"column":2}},"186":{"start":{"line":345,"column":2},"end":{"line":353,"column":3}},"187":{"start":{"line":346,"column":3},"end":{"line":352,"column":5}},"188":{"start":{"line":356,"column":2},"end":{"line":356,"column":78}},"189":{"start":{"line":357,"column":2},"end":{"line":357,"column":52}},"190":{"start":{"line":358,"column":2},"end":{"line":358,"column":54}},"191":{"start":{"line":360,"column":2},"end":{"line":364,"column":3}},"192":{"start":{"line":361,"column":3},"end":{"line":363,"column":5}},"193":{"start":{"line":366,"column":2},"end":{"line":366,"column":60}},"194":{"start":{"line":368,"column":2},"end":{"line":368,"column":45}},"195":{"start":{"line":373,"column":1},"end":{"line":375,"column":10}},"196":{"start":{"line":374,"column":2},"end":{"line":374,"column":51}},"197":{"start":{"line":378,"column":0},"end":{"line":380,"column":1}},"198":{"start":{"line":379,"column":1},"end":{"line":379,"column":41}},"199":{"start":{"line":382,"column":0},"end":{"line":390,"column":1}},"200":{"start":{"line":383,"column":1},"end":{"line":387,"column":2}},"201":{"start":{"line":384,"column":2},"end":{"line":386,"column":3}},"202":{"start":{"line":385,"column":3},"end":{"line":385,"column":43}},"203":{"start":{"line":389,"column":1},"end":{"line":389,"column":8}},"204":{"start":{"line":393,"column":0},"end":{"line":432,"column":1}},"205":{"start":{"line":394,"column":1},"end":{"line":394,"column":82}},"206":{"start":{"line":395,"column":1},"end":{"line":404,"column":4}},"207":{"start":{"line":400,"column":3},"end":{"line":402,"column":4}},"208":{"start":{"line":401,"column":4},"end":{"line":401,"column":22}},"209":{"start":{"line":405,"column":1},"end":{"line":426,"column":4}},"210":{"start":{"line":406,"column":2},"end":{"line":406,"column":19}},"211":{"start":{"line":406,"column":12},"end":{"line":406,"column":19}},"212":{"start":{"line":407,"column":2},"end":{"line":407,"column":26}},"213":{"start":{"line":409,"column":2},"end":{"line":414,"column":5}},"214":{"start":{"line":410,"column":3},"end":{"line":410,"column":48}},"215":{"start":{"line":411,"column":3},"end":{"line":413,"column":4}},"216":{"start":{"line":412,"column":4},"end":{"line":412,"column":38}},"217":{"start":{"line":416,"column":2},"end":{"line":417,"column":60}},"218":{"start":{"line":417,"column":3},"end":{"line":417,"column":60}},"219":{"start":{"line":419,"column":2},"end":{"line":420,"column":57}},"220":{"start":{"line":420,"column":3},"end":{"line":420,"column":57}},"221":{"start":{"line":422,"column":2},"end":{"line":422,"column":45}},"222":{"start":{"line":422,"column":15},"end":{"line":422,"column":45}},"223":{"start":{"line":424,"column":2},"end":{"line":424,"column":26}},"224":{"start":{"line":424,"column":19},"end":{"line":424,"column":26}},"225":{"start":{"line":425,"column":2},"end":{"line":425,"column":65}},"226":{"start":{"line":428,"column":1},"end":{"line":430,"column":4}},"227":{"start":{"line":431,"column":1},"end":{"line":431,"column":20}},"228":{"start":{"line":434,"column":0},"end":{"line":447,"column":1}},"229":{"start":{"line":435,"column":1},"end":{"line":437,"column":4}},"230":{"start":{"line":436,"column":2},"end":{"line":436,"column":15}},"231":{"start":{"line":438,"column":1},"end":{"line":438,"column":19}},"232":{"start":{"line":439,"column":1},"end":{"line":441,"column":4}},"233":{"start":{"line":440,"column":2},"end":{"line":440,"column":34}},"234":{"start":{"line":443,"column":1},"end":{"line":445,"column":4}},"235":{"start":{"line":444,"column":2},"end":{"line":444,"column":18}},"236":{"start":{"line":446,"column":1},"end":{"line":446,"column":31}},"237":{"start":{"line":449,"column":0},"end":{"line":456,"column":1}},"238":{"start":{"line":450,"column":1},"end":{"line":455,"column":4}},"239":{"start":{"line":451,"column":2},"end":{"line":454,"column":6}},"240":{"start":{"line":458,"column":0},"end":{"line":474,"column":1}},"241":{"start":{"line":459,"column":1},"end":{"line":459,"column":24}},"242":{"start":{"line":460,"column":1},"end":{"line":473,"column":2}},"243":{"start":{"line":461,"column":2},"end":{"line":462,"column":17}},"244":{"start":{"line":462,"column":3},"end":{"line":462,"column":17}},"245":{"start":{"line":465,"column":2},"end":{"line":465,"column":131}},"246":{"start":{"line":466,"column":2},"end":{"line":466,"column":19}},"247":{"start":{"line":467,"column":2},"end":{"line":467,"column":19}},"248":{"start":{"line":468,"column":2},"end":{"line":468,"column":41}},"249":{"start":{"line":469,"column":2},"end":{"line":469,"column":39}},"250":{"start":{"line":472,"column":2},"end":{"line":472,"column":16}},"251":{"start":{"line":477,"column":0},"end":{"line":492,"column":1}},"252":{"start":{"line":478,"column":1},"end":{"line":484,"column":45}},"253":{"start":{"line":482,"column":32},"end":{"line":482,"column":46}},"254":{"start":{"line":484,"column":2},"end":{"line":484,"column":45}},"255":{"start":{"line":485,"column":1},"end":{"line":485,"column":45}},"256":{"start":{"line":486,"column":1},"end":{"line":491,"column":32}},"257":{"start":{"line":487,"column":2},"end":{"line":487,"column":50}},"258":{"start":{"line":488,"column":6},"end":{"line":491,"column":32}},"259":{"start":{"line":489,"column":2},"end":{"line":489,"column":54}},"260":{"start":{"line":491,"column":2},"end":{"line":491,"column":32}},"261":{"start":{"line":494,"column":0},"end":{"line":500,"column":1}},"262":{"start":{"line":495,"column":1},"end":{"line":497,"column":4}},"263":{"start":{"line":496,"column":2},"end":{"line":496,"column":50}},"264":{"start":{"line":499,"column":1},"end":{"line":499,"column":40}},"265":{"start":{"line":502,"column":0},"end":{"line":504,"column":1}},"266":{"start":{"line":503,"column":1},"end":{"line":503,"column":50}},"267":{"start":{"line":503,"column":21},"end":{"line":503,"column":50}},"268":{"start":{"line":507,"column":0},"end":{"line":507,"column":75}},"269":{"start":{"line":509,"column":0},"end":{"line":509,"column":24}}},"branchMap":{"1":{"line":23,"type":"if","locations":[{"start":{"line":23,"column":1},"end":{"line":23,"column":1}},{"start":{"line":23,"column":1},"end":{"line":23,"column":1}}]},"2":{"line":26,"type":"if","locations":[{"start":{"line":26,"column":1},"end":{"line":26,"column":1}},{"start":{"line":26,"column":1},"end":{"line":26,"column":1}}]},"3":{"line":30,"type":"if","locations":[{"start":{"line":30,"column":1},"end":{"line":30,"column":1}},{"start":{"line":30,"column":1},"end":{"line":30,"column":1}}]},"4":{"line":30,"type":"binary-expr","locations":[{"start":{"line":30,"column":4},"end":{"line":30,"column":16}},{"start":{"line":30,"column":20},"end":{"line":30,"column":37}}]},"5":{"line":34,"type":"binary-expr","locations":[{"start":{"line":34,"column":12},"end":{"line":34,"column":23}},{"start":{"line":34,"column":27},"end":{"line":34,"column":42}}]},"6":{"line":82,"type":"binary-expr","locations":[{"start":{"line":82,"column":50},"end":{"line":82,"column":68}},{"start":{"line":82,"column":72},"end":{"line":82,"column":75}}]},"7":{"line":90,"type":"if","locations":[{"start":{"line":90,"column":4},"end":{"line":90,"column":4}},{"start":{"line":90,"column":4},"end":{"line":90,"column":4}}]},"8":{"line":96,"type":"if","locations":[{"start":{"line":96,"column":5},"end":{"line":96,"column":5}},{"start":{"line":96,"column":5},"end":{"line":96,"column":5}}]},"9":{"line":119,"type":"binary-expr","locations":[{"start":{"line":119,"column":17},"end":{"line":119,"column":35}},{"start":{"line":119,"column":39},"end":{"line":119,"column":42}}]},"10":{"line":124,"type":"if","locations":[{"start":{"line":124,"column":1},"end":{"line":124,"column":1}},{"start":{"line":124,"column":1},"end":{"line":124,"column":1}}]},"11":{"line":135,"type":"if","locations":[{"start":{"line":135,"column":3},"end":{"line":135,"column":3}},{"start":{"line":135,"column":3},"end":{"line":135,"column":3}}]},"12":{"line":142,"type":"if","locations":[{"start":{"line":142,"column":3},"end":{"line":142,"column":3}},{"start":{"line":142,"column":3},"end":{"line":142,"column":3}}]},"13":{"line":153,"type":"if","locations":[{"start":{"line":153,"column":4},"end":{"line":153,"column":4}},{"start":{"line":153,"column":4},"end":{"line":153,"column":4}}]},"14":{"line":159,"type":"if","locations":[{"start":{"line":159,"column":6},"end":{"line":159,"column":6}},{"start":{"line":159,"column":6},"end":{"line":159,"column":6}}]},"15":{"line":168,"type":"binary-expr","locations":[{"start":{"line":168,"column":30},"end":{"line":168,"column":51}},{"start":{"line":168,"column":55},"end":{"line":168,"column":61}}]},"16":{"line":175,"type":"binary-expr","locations":[{"start":{"line":175,"column":21},"end":{"line":175,"column":40}},{"start":{"line":175,"column":44},"end":{"line":175,"column":60}}]},"17":{"line":179,"type":"if","locations":[{"start":{"line":179,"column":5},"end":{"line":179,"column":5}},{"start":{"line":179,"column":5},"end":{"line":179,"column":5}}]},"18":{"line":204,"type":"if","locations":[{"start":{"line":204,"column":5},"end":{"line":204,"column":5}},{"start":{"line":204,"column":5},"end":{"line":204,"column":5}}]},"19":{"line":211,"type":"if","locations":[{"start":{"line":211,"column":5},"end":{"line":211,"column":5}},{"start":{"line":211,"column":5},"end":{"line":211,"column":5}}]},"20":{"line":216,"type":"if","locations":[{"start":{"line":216,"column":6},"end":{"line":216,"column":6}},{"start":{"line":216,"column":6},"end":{"line":216,"column":6}}]},"21":{"line":218,"type":"if","locations":[{"start":{"line":218,"column":7},"end":{"line":218,"column":7}},{"start":{"line":218,"column":7},"end":{"line":218,"column":7}}]},"22":{"line":224,"type":"binary-expr","locations":[{"start":{"line":224,"column":24},"end":{"line":224,"column":30}},{"start":{"line":224,"column":34},"end":{"line":224,"column":75}},{"start":{"line":224,"column":79},"end":{"line":224,"column":84}}]},"23":{"line":226,"type":"if","locations":[{"start":{"line":226,"column":6},"end":{"line":226,"column":6}},{"start":{"line":226,"column":6},"end":{"line":226,"column":6}}]},"24":{"line":229,"type":"if","locations":[{"start":{"line":229,"column":13},"end":{"line":229,"column":13}},{"start":{"line":229,"column":13},"end":{"line":229,"column":13}}]},"25":{"line":240,"type":"if","locations":[{"start":{"line":240,"column":3},"end":{"line":240,"column":3}},{"start":{"line":240,"column":3},"end":{"line":240,"column":3}}]},"26":{"line":243,"type":"cond-expr","locations":[{"start":{"line":243,"column":73},"end":{"line":243,"column":99}},{"start":{"line":243,"column":102},"end":{"line":243,"column":106}}]},"27":{"line":249,"type":"if","locations":[{"start":{"line":249,"column":3},"end":{"line":249,"column":3}},{"start":{"line":249,"column":3},"end":{"line":249,"column":3}}]},"28":{"line":253,"type":"if","locations":[{"start":{"line":253,"column":10},"end":{"line":253,"column":10}},{"start":{"line":253,"column":10},"end":{"line":253,"column":10}}]},"29":{"line":259,"type":"binary-expr","locations":[{"start":{"line":259,"column":44},"end":{"line":259,"column":65}},{"start":{"line":259,"column":69},"end":{"line":259,"column":71}}]},"30":{"line":263,"type":"if","locations":[{"start":{"line":263,"column":10},"end":{"line":263,"column":10}},{"start":{"line":263,"column":10},"end":{"line":263,"column":10}}]},"31":{"line":269,"type":"binary-expr","locations":[{"start":{"line":269,"column":58},"end":{"line":269,"column":79}},{"start":{"line":269,"column":83},"end":{"line":269,"column":85}}]},"32":{"line":280,"type":"if","locations":[{"start":{"line":280,"column":3},"end":{"line":280,"column":3}},{"start":{"line":280,"column":3},"end":{"line":280,"column":3}}]},"33":{"line":284,"type":"if","locations":[{"start":{"line":284,"column":10},"end":{"line":284,"column":10}},{"start":{"line":284,"column":10},"end":{"line":284,"column":10}}]},"34":{"line":284,"type":"binary-expr","locations":[{"start":{"line":284,"column":13},"end":{"line":284,"column":49}},{"start":{"line":284,"column":53},"end":{"line":284,"column":84}}]},"35":{"line":290,"type":"if","locations":[{"start":{"line":290,"column":3},"end":{"line":290,"column":3}},{"start":{"line":290,"column":3},"end":{"line":290,"column":3}}]},"36":{"line":290,"type":"binary-expr","locations":[{"start":{"line":290,"column":6},"end":{"line":290,"column":41}},{"start":{"line":290,"column":45},"end":{"line":290,"column":76}}]},"37":{"line":292,"type":"if","locations":[{"start":{"line":292,"column":10},"end":{"line":292,"column":10}},{"start":{"line":292,"column":10},"end":{"line":292,"column":10}}]},"38":{"line":315,"type":"if","locations":[{"start":{"line":315,"column":3},"end":{"line":315,"column":3}},{"start":{"line":315,"column":3},"end":{"line":315,"column":3}}]},"39":{"line":321,"type":"if","locations":[{"start":{"line":321,"column":1},"end":{"line":321,"column":1}},{"start":{"line":321,"column":1},"end":{"line":321,"column":1}}]},"40":{"line":323,"type":"if","locations":[{"start":{"line":323,"column":1},"end":{"line":323,"column":1}},{"start":{"line":323,"column":1},"end":{"line":323,"column":1}}]},"41":{"line":325,"type":"if","locations":[{"start":{"line":325,"column":1},"end":{"line":325,"column":1}},{"start":{"line":325,"column":1},"end":{"line":325,"column":1}}]},"42":{"line":327,"type":"if","locations":[{"start":{"line":327,"column":1},"end":{"line":327,"column":1}},{"start":{"line":327,"column":1},"end":{"line":327,"column":1}}]},"43":{"line":329,"type":"if","locations":[{"start":{"line":329,"column":2},"end":{"line":329,"column":2}},{"start":{"line":329,"column":2},"end":{"line":329,"column":2}}]},"44":{"line":333,"type":"if","locations":[{"start":{"line":333,"column":1},"end":{"line":333,"column":1}},{"start":{"line":333,"column":1},"end":{"line":333,"column":1}}]},"45":{"line":336,
[...]
8,"column":1}},{"start":{"line":38,"column":1},"end":{"line":38,"column":1}}]},"8":{"line":50,"type":"if","locations":[{"start":{"line":50,"column":2},"end":{"line":50,"column":2}},{"start":{"line":50,"column":2},"end":{"line":50,"column":2}}]},"9":{"line":62,"type":"binary-expr","locations":[{"start":{"line":62,"column":16},"end":{"line":62,"column":27}},{"start":{"line":62,"column":31},"end":{"line":62,"column":33}}]},"10":{"line":65,"type":"if","locations":[{"start":{"line":65,"column":3},"end":{"line":65,"column":3}},{"start":{"line":65,"column":3},"end":{"line":65,"column":3}}]},"11":{"line":66,"type":"if","locations":[{"start":{"line":66,"column":3},"end":{"line":66,"column":3}},{"start":{"line":66,"column":3},"end":{"line":66,"column":3}}]},"12":{"line":70,"type":"if","locations":[{"start":{"line":70,"column":2},"end":{"line":70,"column":2}},{"start":{"line":70,"column":2},"end":{"line":70,"column":2}}]},"13":{"line":71,"type":"if","locations":[{"start":{"line":71,"column":3},"end":{"line":71,"column":3}},{"start":{"line":71,"column":3},"end":{"line":71,"column":3}}]},"14":{"line":73,"type":"if","locations":[{"start":{"line":73,"column":8},"end":{"line":73,"column":8}},{"start":{"line":73,"column":8},"end":{"line":73,"column":8}}]},"15":{"line":76,"type":"if","locations":[{"start":{"line":76,"column":9},"end":{"line":76,"column":9}},{"start":{"line":76,"column":9},"end":{"line":76,"column":9}}]},"16":{"line":78,"type":"if","locations":[{"start":{"line":78,"column":9},"end":{"line":78,"column":9}},{"start":{"line":78,"column":9},"end":{"line":78,"column":9}}]},"17":{"line":80,"type":"if","locations":[{"start":{"line":80,"column":9},"end":{"line":80,"column":9}},{"start":{"line":80,"column":9},"end":{"line":80,"column":9}}]},"18":{"line":81,"type":"if","locations":[{"start":{"line":81,"column":3},"end":{"line":81,"column":3}},{"start":{"line":81,"column":3},"end":{"line":81,"column":3}}]},"19":{"line":82,"type":"binary-expr","locations":[{"start":{"line":82,"column":21},"end":{"line":82,"column":36}},{"start":{"line":82,"column":40},"end":{"line":82,"column":42}}]},"20":{"line":84,"type":"if","locations":[{"start":{"line":84,"column":5},"end":{"line":84,"column":5}},{"start":{"line":84,"column":5},"end":{"line":84,"column":5}}]},"21":{"line":86,"type":"cond-expr","locations":[{"start":{"line":86,"column":44},"end":{"line":86,"column":51}},{"start":{"line":86,"column":54},"end":{"line":86,"column":56}}]},"22":{"line":88,"type":"if","locations":[{"start":{"line":88,"column":3},"end":{"line":88,"column":3}},{"start":{"line":88,"column":3},"end":{"line":88,"column":3}}]},"23":{"line":92,"type":"if","locations":[{"start":{"line":92,"column":9},"end":{"line":92,"column":9}},{"start":{"line":92,"column":9},"end":{"line":92,"column":9}}]},"24":{"line":96,"type":"switch","locations":[{"start":{"line":97,"column":3},"end":{"line":98,"column":22}},{"start":{"line":99,"column":3},"end":{"line":100,"column":20}}]},"25":{"line":102,"type":"if","locations":[{"start":{"line":102,"column":2},"end":{"line":102,"column":2}},{"start":{"line":102,"column":2},"end":{"line":102,"column":2}}]},"26":{"line":103,"type":"if","locations":[{"start":{"line":103,"column":2},"end":{"line":103,"column":2}},{"start":{"line":103,"column":2},"end":{"line":103,"column":2}}]},"27":{"line":104,"type":"if","locations":[{"start":{"line":104,"column":2},"end":{"line":104,"column":2}},{"start":{"line":104,"column":2},"end":{"line":104,"column":2}}]},"28":{"line":105,"type":"if","locations":[{"start":{"line":105,"column":2},"end":{"line":105,"column":2}},{"start":{"line":105,"column":2},"end":{"line":105,"column":2}}]},"29":{"line":106,"type":"if","locations":[{"start":{"line":106,"column":2},"end":{"line":106,"column":2}},{"start":{"line":106,"column":2},"end":{"line":106,"column":2}}]},"30":{"line":112,"type":"if","locations":[{"start":{"line":112,"column":2},"end":{"line":112,"column":2}},{"start":{"line":112,"column":2},"end":{"line":112,"column":2}}]},"31":{"line":114,"type":"if","locations":[{"start":{"line":114,"column":9},"end":{"line":114,"column":9}},{"start":{"line":114,"column":9},"end":{"line":114,"column":9}}]},"32":{"line":114,"type":"binary-expr","locations":[{"start":{"line":114,"column":12},"end":{"line":114,"column":35}},{"start":{"line":114,"column":39},"end":{"line":114,"column":62}}]},"33":{"line":115,"type":"if","locations":[{"start":{"line":115,"column":3},"end":{"line":115,"column":3}},{"start":{"line":115,"column":3},"end":{"line":115,"column":3}}]},"34":{"line":115,"type":"binary-expr","locations":[{"start":{"line":115,"column":6},"end":{"line":115,"column":18}},{"start":{"line":115,"column":22},"end":{"line":115,"column":45}}]},"35":{"line":121,"type":"if","locations":[{"start":{"line":121,"column":9},"end":{"line":121,"column":9}},{"start":{"line":121,"column":9},"end":{"line":121,"column":9}}]},"36":{"line":122,"type":"if","locations":[{"start":{"line":122,"column":3},"end":{"line":122,"column":3}},{"start":{"line":122,"column":3},"end":{"line":122,"column":3}}]},"37":{"line":122,"type":"binary-expr","locations":[{"start":{"line":122,"column":6},"end":{"line":122,"column":22}},{"start":{"line":122,"column":26},"end":{"line":122,"column":47}},{"start":{"line":122,"column":51},"end":{"line":122,"column":85}}]},"38":{"line":126,"type":"if","locations":[{"start":{"line":126,"column":9},"end":{"line":126,"column":9}},{"start":{"line":126,"column":9},"end":{"line":126,"column":9}}]},"39":{"line":128,"type":"if","locations":[{"start":{"line":128,"column":9},"end":{"line":128,"column":9}},{"start":{"line":128,"column":9},"end":{"line":128,"column":9}}]},"40":{"line":129,"type":"switch","locations":[{"start":{"line":130,"column":4},"end":{"line":131,"column":47}},{"start":{"line":132,"column":4},"end":{"line":133,"column":46}},{"start":{"line":134,"column":4},"end":{"line":135,"column":47}},{"start":{"line":136,"column":4},"end":{"line":137,"column":46}},{"start":{"line":138,"column":4},"end":{"line":139,"column":86}}]},"41":{"line":142,"type":"if","locations":[{"start":{"line":142,"column":9},"end":{"line":142,"column":9}},{"start":{"line":142,"column":9},"end":{"line":142,"column":9}}]},"42":{"line":144,"type":"if","locations":[{"start":{"line":144,"column":9},"end":{"line":144,"column":9}},{"start":{"line":144,"column":9},"end":{"line":144,"column":9}}]},"43":{"line":147,"type":"if","locations":[{"start":{"line":147,"column":9},"end":{"line":147,"column":9}},{"start":{"line":147,"column":9},"end":{"line":147,"column":9}}]},"44":{"line":147,"type":"binary-expr","locations":[{"start":{"line":147,"column":12},"end":{"line":147,"column":39}},{"start":{"line":147,"column":43},"end":{"line":147,"column":69}}]},"45":{"line":148,"type":"if","locations":[{"start":{"line":148,"column":3},"end":{"line":148,"column":3}},{"start":{"line":148,"column":3},"end":{"line":148,"column":3}}]}},"code":["\"use strict\";","","const optionsSchema = require(\"./optionsSchema.json\");","","const getSchemaPart = (path, parents, additionalPath) => {","\tparents = parents || 0;","\tpath = path.split(\"/\");","\tpath = path.slice(0, path.length - parents);","\tif(additionalPath) {","\t\tadditionalPath = additionalPath.split(\"/\");","\t\tpath = path.concat(additionalPath);","\t}","\tlet schemaPart = optionsSchema;","\tfor(let i = 1; i < path.length; i++) {","\t\tconst inner = schemaPart[path[i]];","\t\tif(inner)","\t\t\tschemaPart = inner;","\t}","\treturn schemaPart;","};","","const getSchemaPartText = (schemaPart, additionalPath) => {","\tif(additionalPath) {","\t\tfor(let i = 0; i < additionalPath.length; i++) {","\t\t\tconst inner = schemaPart[additionalPath[i]];","\t\t\tif(inner)","\t\t\t\tschemaPart = inner;","\t\t}","\t}","\twhile(schemaPart.$ref) schemaPart = getSchemaPart(schemaPart.$ref);","\tlet schemaText = OptionsValidationError.formatSchema(schemaPart);","\tif(schemaPart.description)","\t\tschemaText += `\\n${schemaPart.description}`;","\treturn schemaText;","};","","const indent = (str, prefix, firstLine) => {","\tif(firstLine) {","\t\treturn prefix + str.replace(/\\n(?!$)/g, \"\\n\" + prefix);","\t} else {","\t\treturn str.replace(/\\n(?!$)/g, `\\n${prefix}`);","\t}","};","","class OptionsValidationError extends Error {","","\tconstructor(validationErrors) {","\t\tsuper();","","\t\tif(Error.hasOwnProperty(\"captureStackTrace\")) {","\t\t\tError.captureStackTrace(this, this.constructor);","\t\t}","\t\tthis.name = \"WebpackDevServerOptionsValidationError\";","","\t\tthis.message = \"Invalid configuration object. \" +","\t\t\t\"webpack-dev-server has been initialised using a configuration object that does not match the API schema.\\n\" +","\t\t\tvalidationErrors.map(err => \" - \" + indent(OptionsValidationError.formatValidationError(err), \"   \", false)).join(\"\\n\");","\t\tthis.validationErrors = validationErrors;","\t}","","\tstatic formatSchema(schema, prevSchemas) {","\t\tprevSchemas = prevSchemas || [];","","\t\tconst formatInnerSchema = (innerSchema, addSelf) => {","\t\t\tif(!addSelf) return OptionsValidationError.formatSchema(innerSchema, prevSchemas);","\t\t\tif(prevSchemas.indexOf(innerSchema) >= 0) return \"(recursive)\";","\t\t\treturn OptionsValidationError.formatSchema(innerSchema, prevSchemas.concat(schema));","\t\t};","","\t\tif(schema.type === \"string\") {","\t\t\tif(schema.minLength === 1)","\t\t\t\treturn \"non-empty string\";","\t\t\telse if(schema.minLength > 1)","\t\t\t\treturn `string (min length ${schema.minLength})`;","\t\t\treturn \"string\";","\t\t} else if(schema.type === \"boolean\") {","\t\t\treturn \"boolean\";","\t\t} else if(schema.type === \"number\") {","\t\t\treturn \"number\";","\t\t} else if(schema.type === \"object\") {","\t\t\tif(schema.properties) {","\t\t\t\tconst required = schema.required || [];","\t\t\t\treturn `object { ${Object.keys(schema.properties).map(property => {","\t\t\t\t\tif(required.indexOf(property) < 0) return property + \"?\";","\t\t\t\t\treturn property;","\t\t\t\t}).concat(schema.additionalProperties ? [\"...\"] : []).join(\", \")} }`;","\t\t\t}","\t\t\tif(schema.additionalProperties) {","\t\t\t\treturn `object { <key>: ${formatInnerSchema(schema.additionalProperties)} }`;","\t\t\t}","\t\t\treturn \"object\";","\t\t} else if(schema.type === \"array\") {","\t\t\treturn `[${formatInnerSchema(schema.items)}]`;","\t\t}","","\t\tswitch(schema.instanceof) {","\t\t\tcase \"Function\":","\t\t\t\treturn \"function\";","\t\t\tcase \"RegExp\":","\t\t\t\treturn \"RegExp\";","\t\t}","\t\tif(schema.$ref) return formatInnerSchema(getSchemaPart(schema.$ref), true);","\t\tif(schema.allOf) return schema.allOf.map(formatInnerSchema).join(\" & \");","\t\tif(schema.oneOf) return schema.oneOf.map(formatInnerSchema).join(\" | \");","\t\tif(schema.anyOf) return schema.anyOf.map(formatInnerSchema).join(\" | \");","\t\tif(schema.enum) return schema.enum.map(item => JSON.stringify(item)).join(\" | \");","\t\treturn JSON.stringify(schema, 0, 2);","\t}","","\tstatic formatValidationError(err) {","\t\tconst dataPath = `configuration${err.dataPath}`;","\t\tif(err.keyword === \"additionalProperties\") {","\t\t\treturn `${dataPath} has an unknown property '${err.params.additionalProperty}'. These properties are valid:\\n${getSchemaPartText(err.parentSchema)}`;","\t\t} else if(err.keyword === \"oneOf\" || err.keyword === \"anyOf\") {","\t\t\tif(err.children && err.children.length > 0) {","\t\t\t\treturn `${dataPath} should be one of these:\\n${getSchemaPartText(err.parentSchema)}\\n` +","\t\t\t\t\t`Details:\\n${err.children.map(err => \" * \" + indent(OptionsValidationError.formatValidationError(err), \"   \", false)).join(\"\\n\")}`;","\t\t\t}","\t\t\treturn `${dataPath} should be one of these:\\n${getSchemaPartText(err.parentSchema)}`;","","\t\t} else if(err.keyword === \"enum\") {","\t\t\tif(err.parentSchema && err.parentSchema.enum && err.parentSchema.enum.length === 1) {","\t\t\t\treturn `${dataPath} should be ${getSchemaPartText(err.parentSchema)}`;","\t\t\t}","\t\t\treturn `${dataPath} should be one of these:\\n${getSchemaPartText(err.parentSchema)}`;","\t\t} else if(err.keyword === \"allOf\") {","\t\t\treturn `${dataPath} should be:\\n${getSchemaPartText(err.parentSchema)}`;","\t\t} else if(err.keyword === \"type\") {","\t\t\tswitch(err.params.type) {","\t\t\t\tcase \"object\":","\t\t\t\t\treturn `${dataPath} should be an object.`;","\t\t\t\tcase \"string\":","\t\t\t\t\treturn `${dataPath} should be a string.`;","\t\t\t\tcase \"boolean\":","\t\t\t\t\treturn `${dataPath} should be a boolean.`;","\t\t\t\tcase \"number\":","\t\t\t\t\treturn `${dataPath} should be a number.`;","\t\t\t\tcase \"array\":","\t\t\t\t\treturn `${dataPath} should be an array:\\n${getSchemaPartText(err.parentSchema)}`;","\t\t\t}","\t\t\treturn `${dataPath} should be ${err.params.type}:\\n${getSchemaPartText(err.parentSchema)}`;","\t\t} else if(err.keyword === \"instanceof\") {","\t\t\treturn `${dataPath} should be an instance of ${getSchemaPartText(err.parentSchema)}.`;","\t\t} else if(err.keyword === \"required\") {","\t\t\tconst missingProperty = err.params.missingProperty.replace(/^\\./, \"\");","\t\t\treturn `${dataPath} misses the property '${missingProperty}'.\\n${getSchemaPartText(err.parentSchema, [\"properties\", missingProperty])}`;","\t\t} else if(err.keyword === \"minLength\" || err.keyword === \"minItems\") {","\t\t\tif(err.params.limit === 1)","\t\t\t\treturn `${dataPath} should not be empty.`;","\t\t\telse","\t\t\t\treturn `${dataPath} ${err.message}`;","\t\t} else {","\t\t\t// eslint-disable-line no-fallthrough","\t\t\treturn `${dataPath} ${err.message} (${JSON.stringify(err, 0, 2)}).\\n${getSchemaPartText(err.parentSchema)}`;","\t\t}","\t}","}","","module.exports = OptionsValidationError;",""],"l":{"3":1,"5":1,"6":0,"7":0,"8":0,"9":0,"10":0,"11":0,"13":0,"14":0,"15":0,"16":0,"17":0,"19":0,"22":1,"23":0,"24":0,"25":0,"26":0,"27":0,"30":0,"31":0,"32":0,"33":0,"34":0,"37":1,"38":0,"39":0,"41":0,"48":0,"50":0,"51":0,"53":0,"55":0,"57":0,"58":0,"62":0,"64":0,"65":0,"66":0,"67":0,"70":0,"71":0,"72":0,"73":0,"74":0,"75":0,"76":0,"77":0,"78":0,"79":0,"80":0,"81":0,"82":0,"83":0,"84":0,"85":0,"88":0,"89":0,"91":0,"92":0,"93":0,"96":0,"98":0,"100":0,"102":0,"103":0,"104":0,"105":0,"106":0,"107":0,"111":0,"112":0,"113":0,"114":0,"115":0,"116":0,"117":0,"119":0,"121":0,"122":0,"123":0,"125":0,"126":0,"127":0,"128":0,"129":0,"131":0,"133":0,"135":0,"137":0,"139":0,"141":0,"142":0,"143":0,"144":0,"145":0,"146":0,"147":0,"148":0,"149":0,"151":0,"154":0,"159":1}},"/home/travis/build/npmtest/node-npmtest-webpack-dev-server/webpack-dev-server/lib/util/addDevServerEntrypoints.js":{"path":"/home/travis/build/npmtest/node-npmtest-webpack-dev-server/webpack-dev-server/lib/util/addDevServerEntrypoints.js","s":{"1":1,"2":1,"3":0,"4":0,"5":0,"6":0,"7":0,"8":0,"9":0,"10":0,"11":0,"12":0,"13":0,"14":0,"15":0,"16":0},"b":{"1":[0,0],"2":[0,0],"3":[0,0],"4":[0,0],"5":[0,0],"6":[0,0]},"f":{"1":0},"fnMap":{"1":{"name":"addDevServerEntrypoints","line":4,"loc":{"start":{"line":4,"column":17},"end":{"line":4,"column":84}}}},"statementMap":{"1":{"start":{"line":2,"column":0},"end":{"line":2,"column":47}},"2":{"start":{"line":4,"column":0},"end":{"line":26,"column":2}},"3":{"start":{"line":5,"column":1},"end":{"line":25,"column":2}},"4":{"start":{"line":6,"column":2},"end":{"line":6,"column":48}},"5":{"start":{"line":7,"column":2},"end":{"line":7,"column":70}},"6":{"start":{"line":9,"column":2},"end":{"line":12,"column":44}},"7":{"start":{"line":10,"column":3},"end":{"line":10,"column":49}},"8":{"start":{"line":11,"column":7},"end":{"line":12,"column":44}},"9":{"start":{"line":12,"column":3},"end":{"line":12,"column":44}},"10":{"start":{"line":14,"column":2},"end":{"line":24,"column":5}},"11":{"start":{"line":15,"column":3},"end":{"line":23,"column":4}},"12":{"start":{"line":16,"column":4},"end":{"line":18,"column":7}},"13":{"start":{"line":17,"column":5},"end":{"line":17,"column":59}},"14":{"start":{"line":19,"column":10},"end":{"line":23,"column":4}},"15":{"start":{"line":20,"column":4},"end":{"line":20,"column":41}},"16":{"start":{"line":22,"column":4},"end":{"line":22,"column":48}}},"branchMap":{"1":{"line":5,"type":"if","locations":[{"start":{"line":5,"column":1},"end":{"line":5,"column":1}},{"start":{"line":5,"column":1},"end":{"line":5,"column":1}}]},"2":{"line":9,"type":"if","locations":[{"start":{"line":9,"column":2},"end":{"line":9,"column":2}},{"start":{"line":9,"column":2},"end":{"line":9,"column":2}}]},"3":{"line":11,"type":"if","locations":[{"start":{"line":11,"column":7},"end":{"line":11,"column":7}},{"start":{"line":11,"column":7},"end":{"line":11,"column":7}}]},"4":{"line":15,"type":"if","locations":[{"start":{"line":15,"column":3},"end":{"line":15,"column":3}},{"start":{"line":15,"column":3},"end":{"line":15,"column":3}}]},"5":{"line":15,"type":"binary-expr","locations":[{"start":{"line":15,"column":6},"end":{"line":15,"column":37}},{"start":{"line":15,"column":41},"end":{"line":15,"column":68}}]},"6":{"line":19,"type":"if","locations":[{"start":{"line":19,"column":10},"end":{"line":19,"column":10}},{"start":{"line":19,"column":10},"end":{"line":19,"column":10}}]}},"code":["\"use strict\";","const createDomain = require(\"./createDomain\");","","module.exports = function addDevServerEntrypoints(webpackOptions, devServerOptions) {","\tif(devServerOptions.inline !== false) {","\t\tconst domain = createDomain(devServerOptions);","\t\tconst devClient = [`${require.resolve(\"../../client/\")}?${domain}`];","","\t\tif(devServerOptions.hotOnly)","\t\t\tdevClient.push(\"webpack/hot/only-dev-server\");","\t\telse if(devServerOptions.hot)","\t\t\tdevClient.push(\"webpack/hot/dev-server\");","","\t\t[].concat(webpackOptions).forEach((wpOpt) => {","\t\t\tif(typeof wpOpt.entry === \"object\" && !Array.isArray(wpOpt.entry)) {","\t\t\t\tObject.keys(wpOpt.entry).forEach((key) => {","\t\t\t\t\twpOpt.entry[key] = devClient.concat(wpOpt.entry[key]);","\t\t\t\t});","\t\t\t} else if(typeof wpOpt.entry === \"function\") {","\t\t\t\twpOpt.entry = wpOpt.entry(devClient);","\t\t\t} else {","\t\t\t\twpOpt.entry = devClient.concat(wpOpt.entry);","\t\t\t}","\t\t});","\t}","};",""],"l":{"2":1,"4":1,"5":0,"6":0,"7":0,"9":0,"10":0,"11":0,"12":0,"14":0,"15":0,"16":0,"17":0,"19":0,"20":0,"22":0}},"/home/travis/build/npmtest/node-npmtest-webpack-dev-server/webpack-dev-server/lib/util/createDomain.js":{"path":"/home/travis/build/npmtest/node-npmtest-webpack-dev-server/webpack-dev-server/lib/util/createDomain.js","s":{"1":1,"2":1,"3":0,"4":0},"b":{"1":[0,0],"2":[0,0],"3":[0,0]},"f":{"1":0},"fnMap":{"1":{"name":"createDomain","line":4,"loc":{"start":{"line":4,"column":17},"end":{"line":4,"column":48}}}},"statementMap":{"1":{"start":{"line":2,"column":0},"end":{"line":2,"column":27}},"2":{"start":{"line":4,"column":0},"end":{"line":13,"column":2}},"3":{"start":{"line":5,"column":1},"end":{"line":5,"column":51}},"4":{"start":{"line":8,"column":1},"end":{"line":12,"column":4}}},"branchMap":{"1":{"line":5,"type":"cond-expr","locations":[{"start":{"line":5,"column":34},"end":{"line":5,"column":41}},{"start":{"line":5,"column":44},"end":{"line":5,"column":50}}]},"2":{"line":8,"type":"cond-expr","locations":[{"start":{"line":8,"column":25},"end":{"line":8,"column":58}},{"start":{"line":8,"column":61},"end":{"line":12,"column":3}}]},"3":{"line":11,"type":"cond-expr","locations":[{"start":{"line":11,"column":25},"end":{"line":11,"column":26}},{"start":{"line":11,"column":29},"end":{"line":11,"column":52}}]}},"code":["\"use strict\";","const url = require(\"url\");","","module.exports = function createDomain(options) {","\tconst protocol = options.https ? \"https\" : \"http\";","","\t// the formatted domain (url without path) of the webpack server","\treturn options.public ? `${protocol}://${options.public}` : url.format({","\t\tprotocol: protocol,","\t\thostname: options.host,","\t\tport: options.socket ? 0 : options.port.toString()","\t});","};",""],"l":{"2":1,"4":1,"5":0,"8":0}}}